{"numFailedTestSuites":0,"numFailedTests":0,"numPassedTestSuites":13,"numPassedTests":81,"numPendingTestSuites":0,"numPendingTests":0,"numRuntimeErrorTestSuites":0,"numTodoTests":0,"numTotalTestSuites":13,"numTotalTests":81,"openHandles":[],"snapshot":{"added":0,"didUpdate":false,"failure":false,"filesAdded":0,"filesRemoved":0,"filesRemovedList":[],"filesUnmatched":0,"filesUpdated":0,"matched":18,"total":18,"unchecked":0,"uncheckedKeysByFile":[],"unmatched":0,"updated":0},"startTime":1674892209838,"success":true,"testResults":[{"assertionResults":[{"ancestorTitles":["copypaste","registerCopySource"],"failureMessages":[],"fullName":"copypaste registerCopySource registers and unregisters works for copy","location":null,"status":"passed","title":"registers and unregisters works for copy"},{"ancestorTitles":["copypaste","registerCopySource"],"failureMessages":[],"fullName":"copypaste registerCopySource works for cut","location":null,"status":"passed","title":"works for cut"},{"ancestorTitles":["copypaste","onDraftEditorCopy"],"failureMessages":[],"fullName":"copypaste onDraftEditorCopy calls editOnCopy","location":null,"status":"passed","title":"calls editOnCopy"},{"ancestorTitles":["copypaste","onDraftEditorCut"],"failureMessages":[],"fullName":"copypaste onDraftEditorCut does not break","location":null,"status":"passed","title":"does not break"},{"ancestorTitles":["copypaste","copy/cut listener"],"failureMessages":[],"fullName":"copypaste copy/cut listener no selection","location":null,"status":"passed","title":"no selection"},{"ancestorTitles":["copypaste","copy/cut listener"],"failureMessages":[],"fullName":"copypaste copy/cut listener no clipboardData, IE11","location":null,"status":"passed","title":"no clipboardData, IE11"},{"ancestorTitles":["copypaste","copy/cut listener"],"failureMessages":[],"fullName":"copypaste copy/cut listener works","location":null,"status":"passed","title":"works"},{"ancestorTitles":["copypaste","copy/cut listener"],"failureMessages":[],"fullName":"copypaste copy/cut listener uses the default copy-paste behavior if content is empty","location":null,"status":"passed","title":"uses the default copy-paste behavior if content is empty"},{"ancestorTitles":["copypaste","copy/cut listener"],"failureMessages":[],"fullName":"copypaste copy/cut listener supports copy-pasting from decorators content","location":null,"status":"passed","title":"supports copy-pasting from decorators content"},{"ancestorTitles":["copypaste","copy/cut listener"],"failureMessages":[],"fullName":"copypaste copy/cut listener supports copy-pasting from decorators content #2","location":null,"status":"passed","title":"supports copy-pasting from decorators content #2"},{"ancestorTitles":["copypaste","copy/cut listener"],"failureMessages":[],"fullName":"copypaste copy/cut listener supports pasting from text nodes only","location":null,"status":"passed","title":"supports pasting from text nodes only"},{"ancestorTitles":["copypaste"],"failureMessages":[],"fullName":"copypaste checks whether anchor node is indeed in a decorator","location":null,"status":"passed","title":"checks whether anchor node is indeed in a decorator"},{"ancestorTitles":["copypaste"],"failureMessages":[],"fullName":"copypaste checks whether focus node is indeed in a decorator","location":null,"status":"passed","title":"checks whether focus node is indeed in a decorator"},{"ancestorTitles":["copypaste","handleDraftEditorPastedText"],"failureMessages":[],"fullName":"copypaste handleDraftEditorPastedText no HTML","location":null,"status":"passed","title":"no HTML"},{"ancestorTitles":["copypaste","handleDraftEditorPastedText"],"failureMessages":[],"fullName":"copypaste handleDraftEditorPastedText HTML from other app","location":null,"status":"passed","title":"HTML from other app"},{"ancestorTitles":["copypaste","handleDraftEditorPastedText"],"failureMessages":[],"fullName":"copypaste handleDraftEditorPastedText HTML from draftjs-conductor","location":null,"status":"passed","title":"HTML from draftjs-conductor"},{"ancestorTitles":["copypaste","handleDraftEditorPastedText"],"failureMessages":[],"fullName":"copypaste handleDraftEditorPastedText invalid JSON","location":null,"status":"passed","title":"invalid JSON"},{"ancestorTitles":["copypaste","getDraftEditorPastedContent"],"failureMessages":[],"fullName":"copypaste getDraftEditorPastedContent no HTML","location":null,"status":"passed","title":"no HTML"},{"ancestorTitles":["copypaste","getDraftEditorPastedContent"],"failureMessages":[],"fullName":"copypaste getDraftEditorPastedContent HTML from other app","location":null,"status":"passed","title":"HTML from other app"},{"ancestorTitles":["copypaste","getDraftEditorPastedContent"],"failureMessages":[],"fullName":"copypaste getDraftEditorPastedContent HTML from draftjs-conductor","location":null,"status":"passed","title":"HTML from draftjs-conductor"},{"ancestorTitles":["copypaste","getDraftEditorPastedContent"],"failureMessages":[],"fullName":"copypaste getDraftEditorPastedContent invalid JSON","location":null,"status":"passed","title":"invalid JSON"}],"endTime":1674892211587,"message":"","name":"/home/runner/work/draftjs-conductor/draftjs-conductor/src/lib/api/copypaste.test.ts","startTime":1674892210283,"status":"passed","summary":""},{"assertionResults":[{"ancestorTitles":["DemoEditor"],"failureMessages":[],"fullName":"DemoEditor renders","location":null,"status":"passed","title":"renders"},{"ancestorTitles":["DemoEditor","#extended"],"failureMessages":[],"fullName":"DemoEditor #extended works","location":null,"status":"passed","title":"works"},{"ancestorTitles":["DemoEditor","#extended"],"failureMessages":[],"fullName":"DemoEditor #extended can take predefined content","location":null,"status":"passed","title":"can take predefined content"},{"ancestorTitles":["DemoEditor","onChange"],"failureMessages":[],"fullName":"DemoEditor onChange works","location":null,"status":"passed","title":"works"},{"ancestorTitles":["DemoEditor"],"failureMessages":[],"fullName":"DemoEditor toggleStyle","location":null,"status":"passed","title":"toggleStyle"},{"ancestorTitles":["DemoEditor"],"failureMessages":[],"fullName":"DemoEditor toggleBlock","location":null,"status":"passed","title":"toggleBlock"},{"ancestorTitles":["DemoEditor","toggleEntity"],"failureMessages":[],"fullName":"DemoEditor toggleEntity LINK","location":null,"status":"passed","title":"LINK"},{"ancestorTitles":["DemoEditor","toggleEntity"],"failureMessages":[],"fullName":"DemoEditor toggleEntity IMAGE","location":null,"status":"passed","title":"IMAGE"},{"ancestorTitles":["DemoEditor","toggleEntity"],"failureMessages":[],"fullName":"DemoEditor toggleEntity SNIPPET","location":null,"status":"passed","title":"SNIPPET"},{"ancestorTitles":["DemoEditor","toggleEntity"],"failureMessages":[],"fullName":"DemoEditor toggleEntity HORIZONTAL_RULE","location":null,"status":"passed","title":"HORIZONTAL_RULE"},{"ancestorTitles":["DemoEditor","blockRenderer"],"failureMessages":[],"fullName":"DemoEditor blockRenderer unstyled","location":null,"status":"passed","title":"unstyled"},{"ancestorTitles":["DemoEditor","blockRenderer"],"failureMessages":[],"fullName":"DemoEditor blockRenderer no entity","location":null,"status":"passed","title":"no entity"},{"ancestorTitles":["DemoEditor","blockRenderer"],"failureMessages":[],"fullName":"DemoEditor blockRenderer HORIZONTAL_RULE","location":null,"status":"passed","title":"HORIZONTAL_RULE"},{"ancestorTitles":["DemoEditor","blockRenderer"],"failureMessages":[],"fullName":"DemoEditor blockRenderer IMAGE","location":null,"status":"passed","title":"IMAGE"},{"ancestorTitles":["DemoEditor","blockRenderer"],"failureMessages":[],"fullName":"DemoEditor blockRenderer SNIPPET","location":null,"status":"passed","title":"SNIPPET"},{"ancestorTitles":["DemoEditor","handlePastedText"],"failureMessages":[],"fullName":"DemoEditor handlePastedText handled by handleDraftEditorPastedText","location":null,"status":"passed","title":"handled by handleDraftEditorPastedText"},{"ancestorTitles":["DemoEditor","handlePastedText"],"failureMessages":[],"fullName":"DemoEditor handlePastedText default handling","location":null,"status":"passed","title":"default handling"},{"ancestorTitles":["DemoEditor","keyBindingFn"],"failureMessages":[],"fullName":"DemoEditor keyBindingFn works","location":null,"status":"passed","title":"works"},{"ancestorTitles":["DemoEditor","keyBindingFn"],"failureMessages":[],"fullName":"DemoEditor keyBindingFn does not change state directly with other keys","location":null,"status":"passed","title":"does not change state directly with other keys"},{"ancestorTitles":["DemoEditor","addBR"],"failureMessages":[],"fullName":"DemoEditor addBR works","location":null,"status":"passed","title":"works"},{"ancestorTitles":["DemoEditor","toggleReadOnly"],"failureMessages":[],"fullName":"DemoEditor toggleReadOnly works","location":null,"status":"passed","title":"works"}],"endTime":1674892212792,"message":"","name":"/home/runner/work/draftjs-conductor/draftjs-conductor/src/demo/components/DemoEditor.test.tsx","startTime":1674892211604,"status":"passed","summary":""},{"assertionResults":[{"ancestorTitles":["generateListNestingStyles"],"failureMessages":[],"fullName":"generateListNestingStyles works","location":null,"status":"passed","title":"works"},{"ancestorTitles":["getListNestingStyles"],"failureMessages":[],"fullName":"getListNestingStyles works","location":null,"status":"passed","title":"works"},{"ancestorTitles":["getListNestingStyles"],"failureMessages":[],"fullName":"getListNestingStyles max > DRAFT_DEFAULT_MAX_DEPTH","location":null,"status":"passed","title":"max > DRAFT_DEFAULT_MAX_DEPTH"},{"ancestorTitles":["blockDepthStyleFn"],"failureMessages":[],"fullName":"blockDepthStyleFn works","location":null,"status":"passed","title":"works"},{"ancestorTitles":["blockDepthStyleFn"],"failureMessages":[],"fullName":"blockDepthStyleFn depth > DRAFT_DEFAULT_MAX_DEPTH","location":null,"status":"passed","title":"depth > DRAFT_DEFAULT_MAX_DEPTH"}],"endTime":1674892213337,"message":"","name":"/home/runner/work/draftjs-conductor/draftjs-conductor/src/lib/api/lists.test.ts","startTime":1674892212812,"status":"passed","summary":""},{"assertionResults":[{"ancestorTitles":["#createEditorStateFromRaw"],"failureMessages":[],"fullName":"#createEditorStateFromRaw creates state from real content","location":null,"status":"passed","title":"creates state from real content"},{"ancestorTitles":["#createEditorStateFromRaw"],"failureMessages":[],"fullName":"#createEditorStateFromRaw creates empty state from empty content","location":null,"status":"passed","title":"creates empty state from empty content"},{"ancestorTitles":["#createEditorStateFromRaw"],"failureMessages":[],"fullName":"#createEditorStateFromRaw takes a decorator","location":null,"status":"passed","title":"takes a decorator"},{"ancestorTitles":["#serialiseEditorStateToRaw"],"failureMessages":[],"fullName":"#serialiseEditorStateToRaw keeps real content","location":null,"status":"passed","title":"keeps real content"},{"ancestorTitles":["#serialiseEditorStateToRaw"],"failureMessages":[],"fullName":"#serialiseEditorStateToRaw discards empty content","location":null,"status":"passed","title":"discards empty content"},{"ancestorTitles":["#serialiseEditorStateToRaw"],"failureMessages":[],"fullName":"#serialiseEditorStateToRaw discards content with only empty text","location":null,"status":"passed","title":"discards content with only empty text"}],"endTime":1674892213717,"message":"","name":"/home/runner/work/draftjs-conductor/draftjs-conductor/src/lib/api/conversion.test.ts","startTime":1674892213350,"status":"passed","summary":""},{"assertionResults":[{"ancestorTitles":["Link"],"failureMessages":[],"fullName":"Link renders","location":null,"status":"passed","title":"renders"},{"ancestorTitles":["linkStrategy"],"failureMessages":[],"fullName":"linkStrategy works","location":null,"status":"passed","title":"works"}],"endTime":1674892214105,"message":"","name":"/home/runner/work/draftjs-conductor/draftjs-conductor/src/demo/components/Link.test.tsx","startTime":1674892213729,"status":"passed","summary":""},{"assertionResults":[{"ancestorTitles":["DraftUtils","#addLineBreak"],"failureMessages":[],"fullName":"DraftUtils #addLineBreak works, collapsed","location":null,"status":"passed","title":"works, collapsed"},{"ancestorTitles":["DraftUtils","#addLineBreak"],"failureMessages":[],"fullName":"DraftUtils #addLineBreak works, non-collapsed","location":null,"status":"passed","title":"works, non-collapsed"}],"endTime":1674892214464,"message":"","name":"/home/runner/work/draftjs-conductor/draftjs-conductor/src/demo/utils/DraftUtils.test.ts","startTime":1674892214115,"status":"passed","summary":""},{"assertionResults":[{"ancestorTitles":["draftjs-conductor"],"failureMessages":[],"fullName":"draftjs-conductor getListNestingStyles","location":null,"status":"passed","title":"getListNestingStyles"},{"ancestorTitles":["draftjs-conductor"],"failureMessages":[],"fullName":"draftjs-conductor DRAFT_DEFAULT_MAX_DEPTH","location":null,"status":"passed","title":"DRAFT_DEFAULT_MAX_DEPTH"},{"ancestorTitles":["draftjs-conductor"],"failureMessages":[],"fullName":"draftjs-conductor DRAFT_DEFAULT_DEPTH_CLASS","location":null,"status":"passed","title":"DRAFT_DEFAULT_DEPTH_CLASS"},{"ancestorTitles":["draftjs-conductor"],"failureMessages":[],"fullName":"draftjs-conductor generateListNestingStyles","location":null,"status":"passed","title":"generateListNestingStyles"},{"ancestorTitles":["draftjs-conductor"],"failureMessages":[],"fullName":"draftjs-conductor blockDepthStyleFn","location":null,"status":"passed","title":"blockDepthStyleFn"},{"ancestorTitles":["draftjs-conductor"],"failureMessages":[],"fullName":"draftjs-conductor registerCopySource","location":null,"status":"passed","title":"registerCopySource"},{"ancestorTitles":["draftjs-conductor"],"failureMessages":[],"fullName":"draftjs-conductor onDraftEditorCopy","location":null,"status":"passed","title":"onDraftEditorCopy"},{"ancestorTitles":["draftjs-conductor"],"failureMessages":[],"fullName":"draftjs-conductor onDraftEditorCut","location":null,"status":"passed","title":"onDraftEditorCut"},{"ancestorTitles":["draftjs-conductor"],"failureMessages":[],"fullName":"draftjs-conductor handleDraftEditorPastedText","location":null,"status":"passed","title":"handleDraftEditorPastedText"},{"ancestorTitles":["draftjs-conductor"],"failureMessages":[],"fullName":"draftjs-conductor createEditorStateFromRaw","location":null,"status":"passed","title":"createEditorStateFromRaw"},{"ancestorTitles":["draftjs-conductor"],"failureMessages":[],"fullName":"draftjs-conductor serialiseEditorStateToRaw","location":null,"status":"passed","title":"serialiseEditorStateToRaw"}],"endTime":1674892214812,"message":"","name":"/home/runner/work/draftjs-conductor/draftjs-conductor/src/lib/index.test.ts","startTime":1674892214474,"status":"passed","summary":""},{"assertionResults":[{"ancestorTitles":["Snippet"],"failureMessages":[],"fullName":"Snippet renders","location":null,"status":"passed","title":"renders"},{"ancestorTitles":["Snippet"],"failureMessages":[],"fullName":"Snippet no entity","location":null,"status":"passed","title":"no entity"}],"endTime":1674892215183,"message":"","name":"/home/runner/work/draftjs-conductor/draftjs-conductor/src/demo/components/Snippet.test.tsx","startTime":1674892214825,"status":"passed","summary":""},{"assertionResults":[{"ancestorTitles":["Image"],"failureMessages":[],"fullName":"Image renders","location":null,"status":"passed","title":"renders"},{"ancestorTitles":["Image"],"failureMessages":[],"fullName":"Image no entity","location":null,"status":"passed","title":"no entity"}],"endTime":1674892215535,"message":"","name":"/home/runner/work/draftjs-conductor/draftjs-conductor/src/demo/components/Image.test.tsx","startTime":1674892215196,"status":"passed","summary":""},{"assertionResults":[{"ancestorTitles":["SentryBoundary"],"failureMessages":[],"fullName":"SentryBoundary renders","location":null,"status":"passed","title":"renders"},{"ancestorTitles":["SentryBoundary"],"failureMessages":[],"fullName":"SentryBoundary componentDidCatch","location":null,"status":"passed","title":"componentDidCatch"},{"ancestorTitles":["SentryBoundary"],"failureMessages":[],"fullName":"SentryBoundary #error","location":null,"status":"passed","title":"#error"},{"ancestorTitles":["SentryBoundary"],"failureMessages":[],"fullName":"SentryBoundary #error reload","location":null,"status":"passed","title":"#error reload"}],"endTime":1674892215833,"message":"","name":"/home/runner/work/draftjs-conductor/draftjs-conductor/src/demo/components/SentryBoundary.test.tsx","startTime":1674892215549,"status":"passed","summary":""},{"assertionResults":[{"ancestorTitles":["demo"],"failureMessages":[],"fullName":"demo mount","location":null,"status":"passed","title":"mount"},{"ancestorTitles":["demo"],"failureMessages":[],"fullName":"demo no mount","location":null,"status":"passed","title":"no mount"}],"endTime":1674892216392,"message":"","name":"/home/runner/work/draftjs-conductor/draftjs-conductor/src/index.test.ts","startTime":1674892215850,"status":"passed","summary":""},{"assertionResults":[{"ancestorTitles":["Highlight"],"failureMessages":[],"fullName":"Highlight renders","location":null,"status":"passed","title":"renders"},{"ancestorTitles":["Highlight"],"failureMessages":[],"fullName":"Highlight onCopy","location":null,"status":"passed","title":"onCopy"}],"endTime":1674892216685,"message":"","name":"/home/runner/work/draftjs-conductor/draftjs-conductor/src/demo/components/Highlight.test.tsx","startTime":1674892216405,"status":"passed","summary":""},{"assertionResults":[{"ancestorTitles":["App"],"failureMessages":[],"fullName":"App renders","location":null,"status":"passed","title":"renders"}],"endTime":1674892217029,"message":"","name":"/home/runner/work/draftjs-conductor/draftjs-conductor/src/demo/components/App.test.tsx","startTime":1674892216699,"status":"passed","summary":""}],"wasInterrupted":false,"coverageMap":{"/home/runner/work/draftjs-conductor/draftjs-conductor/src/lib/api/copypaste.ts":{"path":"/home/runner/work/draftjs-conductor/draftjs-conductor/src/lib/api/copypaste.ts","statementMap":{"0":{"start":{"line":23,"column":22},"end":{"line":23,"column":55}},"1":{"start":{"line":25,"column":24},"end":{"line":25,"column":74}},"2":{"start":{"line":29,"column":31},"end":{"line":49,"column":1}},"3":{"start":{"line":30,"column":36},"end":{"line":30,"column":45}},"4":{"start":{"line":31,"column":2},"end":{"line":33,"column":3}},"5":{"start":{"line":32,"column":4},"end":{"line":32,"column":17}},"6":{"start":{"line":36,"column":4},"end":{"line":36,"column":73}},"7":{"start":{"line":38,"column":4},"end":{"line":38,"column":70}},"8":{"start":{"line":40,"column":26},"end":{"line":40,"column":67}},"9":{"start":{"line":41,"column":25},"end":{"line":41,"column":64}},"10":{"start":{"line":43,"column":2},"end":{"line":48,"column":4}},"11":{"start":{"line":52,"column":27},"end":{"line":71,"column":1}},"12":{"start":{"line":56,"column":29},"end":{"line":56,"column":77}},"13":{"start":{"line":58,"column":19},"end":{"line":61,"column":3}},"14":{"start":{"line":66,"column":18},"end":{"line":68,"column":4}},"15":{"start":{"line":67,"column":4},"end":{"line":67,"column":40}},"16":{"start":{"line":70,"column":2},"end":{"line":70,"column":35}},"17":{"start":{"line":77,"column":35},"end":{"line":119,"column":1}},"18":{"start":{"line":82,"column":20},"end":{"line":82,"column":54}},"19":{"start":{"line":87,"column":2},"end":{"line":93,"column":3}},"20":{"start":{"line":92,"column":4},"end":{"line":92,"column":11}},"21":{"start":{"line":96,"column":19},"end":{"line":96,"column":73}},"22":{"start":{"line":99,"column":2},"end":{"line":118,"column":3}},"23":{"start":{"line":100,"column":20},"end":{"line":100,"column":73}},"24":{"start":{"line":101,"column":30},"end":{"line":101,"column":67}},"25":{"start":{"line":105,"column":24},"end":{"line":105,"column":53}},"26":{"start":{"line":107,"column":4},"end":{"line":107,"column":69}},"27":{"start":{"line":108,"column":4},"end":{"line":108,"column":63}},"28":{"start":{"line":112,"column":4},"end":{"line":112,"column":64}},"29":{"start":{"line":114,"column":4},"end":{"line":114,"column":64}},"30":{"start":{"line":115,"column":4},"end":{"line":115,"column":64}},"31":{"start":{"line":117,"column":4},"end":{"line":117,"column":23}},"32":{"start":{"line":121,"column":33},"end":{"line":128,"column":1}},"33":{"start":{"line":126,"column":2},"end":{"line":126,"column":40}},"34":{"start":{"line":127,"column":2},"end":{"line":127,"column":24}},"35":{"start":{"line":130,"column":32},"end":{"line":137,"column":1}},"36":{"start":{"line":135,"column":2},"end":{"line":135,"column":40}},"37":{"start":{"line":136,"column":2},"end":{"line":136,"column":23}},"38":{"start":{"line":143,"column":34},"end":{"line":157,"column":1}},"39":{"start":{"line":145,"column":20},"end":{"line":145,"column":30}},"40":{"start":{"line":146,"column":20},"end":{"line":146,"column":62}},"41":{"start":{"line":148,"column":2},"end":{"line":148,"column":48}},"42":{"start":{"line":149,"column":2},"end":{"line":149,"column":47}},"43":{"start":{"line":151,"column":2},"end":{"line":156,"column":4}},"44":{"start":{"line":153,"column":6},"end":{"line":153,"column":55}},"45":{"start":{"line":154,"column":6},"end":{"line":154,"column":54}},"46":{"start":{"line":163,"column":43},"end":{"line":190,"column":1}},"47":{"start":{"line":165,"column":2},"end":{"line":167,"column":3}},"48":{"start":{"line":166,"column":4},"end":{"line":166,"column":16}},"49":{"start":{"line":169,"column":14},"end":{"line":169,"column":64}},"50":{"start":{"line":170,"column":22},"end":{"line":170,"column":61}},"51":{"start":{"line":173,"column":2},"end":{"line":187,"column":3}},"52":{"start":{"line":174,"column":25},"end":{"line":174,"column":64}},"53":{"start":{"line":177,"column":4},"end":{"line":184,"column":5}},"54":{"start":{"line":181,"column":6},"end":{"line":181,"column":44}},"55":{"start":{"line":183,"column":6},"end":{"line":183,"column":18}},"56":{"start":{"line":186,"column":4},"end":{"line":186,"column":38}},"57":{"start":{"line":189,"column":2},"end":{"line":189,"column":14}},"58":{"start":{"line":197,"column":43},"end":{"line":215,"column":1}},"59":{"start":{"line":201,"column":24},"end":{"line":201,"column":57}},"60":{"start":{"line":203,"column":2},"end":{"line":212,"column":3}},"61":{"start":{"line":204,"column":21},"end":{"line":204,"column":48}},"62":{"start":{"line":206,"column":20},"end":{"line":210,"column":5}},"63":{"start":{"line":211,"column":4},"end":{"line":211,"column":69}},"64":{"start":{"line":214,"column":2},"end":{"line":214,"column":15}}},"fnMap":{"0":{"name":"(anonymous_0)","decl":{"start":{"line":29,"column":31},"end":{"line":29,"column":32}},"loc":{"start":{"line":29,"column":57},"end":{"line":49,"column":1}},"line":29},"1":{"name":"(anonymous_1)","decl":{"start":{"line":52,"column":27},"end":{"line":52,"column":28}},"loc":{"start":{"line":55,"column":5},"end":{"line":71,"column":1}},"line":55},"2":{"name":"(anonymous_2)","decl":{"start":{"line":66,"column":33},"end":{"line":66,"column":34}},"loc":{"start":{"line":66,"column":58},"end":{"line":68,"column":3}},"line":66},"3":{"name":"(anonymous_3)","decl":{"start":{"line":77,"column":35},"end":{"line":77,"column":36}},"loc":{"start":{"line":81,"column":5},"end":{"line":119,"column":1}},"line":81},"4":{"name":"(anonymous_4)","decl":{"start":{"line":121,"column":33},"end":{"line":121,"column":34}},"loc":{"start":{"line":124,"column":5},"end":{"line":128,"column":1}},"line":124},"5":{"name":"(anonymous_5)","decl":{"start":{"line":130,"column":32},"end":{"line":130,"column":33}},"loc":{"start":{"line":133,"column":5},"end":{"line":137,"column":1}},"line":133},"6":{"name":"(anonymous_6)","decl":{"start":{"line":143,"column":34},"end":{"line":143,"column":35}},"loc":{"start":{"line":143,"column":63},"end":{"line":157,"column":1}},"line":143},"7":{"name":"(anonymous_7)","decl":{"start":{"line":152,"column":4},"end":{"line":152,"column":5}},"loc":{"start":{"line":152,"column":17},"end":{"line":155,"column":5}},"line":152},"8":{"name":"(anonymous_8)","decl":{"start":{"line":163,"column":43},"end":{"line":163,"column":44}},"loc":{"start":{"line":163,"column":73},"end":{"line":190,"column":1}},"line":163},"9":{"name":"(anonymous_9)","decl":{"start":{"line":197,"column":43},"end":{"line":197,"column":44}},"loc":{"start":{"line":200,"column":5},"end":{"line":215,"column":1}},"line":200}},"branchMap":{"0":{"loc":{"start":{"line":31,"column":2},"end":{"line":33,"column":3}},"type":"if","locations":[{"start":{"line":31,"column":2},"end":{"line":33,"column":3}},{"start":{},"end":{}}],"line":31},"1":{"loc":{"start":{"line":31,"column":6},"end":{"line":31,"column":31}},"type":"binary-expr","locations":[{"start":{"line":31,"column":6},"end":{"line":31,"column":17}},{"start":{"line":31,"column":21},"end":{"line":31,"column":31}}],"line":31},"2":{"loc":{"start":{"line":36,"column":4},"end":{"line":36,"column":73}},"type":"cond-expr","locations":[{"start":{"line":36,"column":36},"end":{"line":36,"column":46}},{"start":{"line":36,"column":49},"end":{"line":36,"column":73}}],"line":36},"3":{"loc":{"start":{"line":38,"column":4},"end":{"line":38,"column":70}},"type":"cond-expr","locations":[{"start":{"line":38,"column":35},"end":{"line":38,"column":44}},{"start":{"line":38,"column":47},"end":{"line":38,"column":70}}],"line":38},"4":{"loc":{"start":{"line":40,"column":26},"end":{"line":40,"column":67}},"type":"binary-expr","locations":[{"start":{"line":40,"column":26},"end":{"line":40,"column":32}},{"start":{"line":40,"column":36},"end":{"line":40,"column":67}}],"line":40},"5":{"loc":{"start":{"line":41,"column":25},"end":{"line":41,"column":64}},"type":"binary-expr","locations":[{"start":{"line":41,"column":25},"end":{"line":41,"column":30}},{"start":{"line":41,"column":34},"end":{"line":41,"column":64}}],"line":41},"6":{"loc":{"start":{"line":44,"column":4},"end":{"line":47,"column":47}},"type":"binary-expr","locations":[{"start":{"line":44,"column":4},"end":{"line":44,"column":19}},{"start":{"line":45,"column":4},"end":{"line":45,"column":18}},{"start":{"line":46,"column":5},"end":{"line":46,"column":45}},{"start":{"line":47,"column":6},"end":{"line":47,"column":46}}],"line":44},"7":{"loc":{"start":{"line":70,"column":9},"end":{"line":70,"column":34}},"type":"cond-expr","locations":[{"start":{"line":70,"column":19},"end":{"line":70,"column":23}},{"start":{"line":70,"column":26},"end":{"line":70,"column":34}}],"line":70},"8":{"loc":{"start":{"line":87,"column":2},"end":{"line":93,"column":3}},"type":"if","locations":[{"start":{"line":87,"column":2},"end":{"line":93,"column":3}},{"start":{},"end":{}}],"line":87},"9":{"loc":{"start":{"line":88,"column":4},"end":{"line":90,"column":37}},"type":"binary-expr","locations":[{"start":{"line":88,"column":4},"end":{"line":88,"column":20}},{"start":{"line":89,"column":4},"end":{"line":89,"column":30}},{"start":{"line":90,"column":4},"end":{"line":90,"column":37}}],"line":88},"10":{"loc":{"start":{"line":99,"column":2},"end":{"line":118,"column":3}},"type":"if","locations":[{"start":{"line":99,"column":2},"end":{"line":118,"column":3}},{"start":{},"end":{}}],"line":99},"11":{"loc":{"start":{"line":165,"column":2},"end":{"line":167,"column":3}},"type":"if","locations":[{"start":{"line":165,"column":2},"end":{"line":167,"column":3}},{"start":{},"end":{}}],"line":165},"12":{"loc":{"start":{"line":165,"column":6},"end":{"line":165,"column":65}},"type":"binary-expr","locations":[{"start":{"line":165,"column":6},"end":{"line":165,"column":17}},{"start":{"line":165,"column":21},"end":{"line":165,"column":48}},{"start":{"line":165,"column":52},"end":{"line":165,"column":65}}],"line":165},"13":{"loc":{"start":{"line":173,"column":2},"end":{"line":187,"column":3}},"type":"if","locations":[{"start":{"line":173,"column":2},"end":{"line":187,"column":3}},{"start":{},"end":{}}],"line":173},"14":{"loc":{"start":{"line":203,"column":2},"end":{"line":212,"column":3}},"type":"if","locations":[{"start":{"line":203,"column":2},"end":{"line":212,"column":3}},{"start":{},"end":{}}],"line":203}},"s":{"0":6,"1":6,"2":6,"3":7,"4":7,"5":2,"6":5,"7":5,"8":5,"9":5,"10":5,"11":6,"12":4,"13":4,"14":4,"15":4,"16":4,"17":6,"18":13,"19":13,"20":9,"21":4,"22":4,"23":1,"24":1,"25":1,"26":1,"27":1,"28":1,"29":1,"30":1,"31":1,"32":6,"33":1,"34":1,"35":6,"36":1,"37":1,"38":6,"39":11,"40":11,"41":11,"42":11,"43":11,"44":2,"45":2,"46":6,"47":10,"48":2,"49":8,"50":8,"51":8,"52":5,"53":5,"54":5,"55":2,"56":3,"57":3,"58":6,"59":6,"60":6,"61":2,"62":2,"63":2,"64":4},"f":{"0":7,"1":4,"2":4,"3":13,"4":1,"5":1,"6":11,"7":2,"8":10,"9":6},"b":{"0":[2,5],"1":[7,5],"2":[4,1],"3":[4,1],"4":[5,5],"5":[5,5],"6":[5,4,3,1],"7":[3,1],"8":[9,4],"9":[13,12,7],"10":[1,3],"11":[2,8],"12":[10,10,8],"13":[5,3],"14":[2,4]},"_coverageSchema":"1a1c01bbd47fc00a2c39e90264f33305004495a9","hash":"f88336513a49962a1d2c607ea6b2bb6b06b25134"},"/home/runner/work/draftjs-conductor/draftjs-conductor/src/lib/api/lists.ts":{"path":"/home/runner/work/draftjs-conductor/draftjs-conductor/src/lib/api/lists.ts","statementMap":{"0":{"start":{"line":4,"column":39},"end":{"line":4,"column":40}},"1":{"start":{"line":7,"column":41},"end":{"line":7,"column":73}},"2":{"start":{"line":13,"column":23},"end":{"line":13,"column":64}},"3":{"start":{"line":23,"column":41},"end":{"line":57,"column":1}},"4":{"start":{"line":29,"column":15},"end":{"line":39,"column":1}},"5":{"start":{"line":41,"column":2},"end":{"line":54,"column":3}},"6":{"start":{"line":41,"column":19},"end":{"line":41,"column":27}},"7":{"start":{"line":42,"column":14},"end":{"line":42,"column":27}},"8":{"start":{"line":43,"column":19},"end":{"line":43,"column":42}},"9":{"start":{"line":44,"column":20},"end":{"line":44,"column":28}},"10":{"start":{"line":45,"column":25},"end":{"line":45,"column":68}},"11":{"start":{"line":46,"column":19},"end":{"line":46,"column":36}},"12":{"start":{"line":47,"column":14},"end":{"line":47,"column":28}},"13":{"start":{"line":49,"column":4},"end":{"line":53,"column":74}},"14":{"start":{"line":56,"column":2},"end":{"line":56,"column":16}},"15":{"start":{"line":63,"column":36},"end":{"line":75,"column":1}},"16":{"start":{"line":69,"column":2},"end":{"line":74,"column":4}},"17":{"start":{"line":82,"column":33},"end":{"line":87,"column":1}},"18":{"start":{"line":83,"column":16},"end":{"line":83,"column":32}},"19":{"start":{"line":84,"column":2},"end":{"line":86,"column":9}}},"fnMap":{"0":{"name":"(anonymous_0)","decl":{"start":{"line":23,"column":41},"end":{"line":23,"column":42}},"loc":{"start":{"line":28,"column":5},"end":{"line":57,"column":1}},"line":28},"1":{"name":"(anonymous_1)","decl":{"start":{"line":63,"column":36},"end":{"line":63,"column":37}},"loc":{"start":{"line":68,"column":5},"end":{"line":75,"column":1}},"line":68},"2":{"name":"(anonymous_2)","decl":{"start":{"line":82,"column":33},"end":{"line":82,"column":34}},"loc":{"start":{"line":82,"column":58},"end":{"line":87,"column":1}},"line":82}},"branchMap":{"0":{"loc":{"start":{"line":65,"column":2},"end":{"line":65,"column":48}},"type":"default-arg","locations":[{"start":{"line":65,"column":21},"end":{"line":65,"column":48}}],"line":65},"1":{"loc":{"start":{"line":66,"column":2},"end":{"line":66,"column":52}},"type":"default-arg","locations":[{"start":{"line":66,"column":27},"end":{"line":66,"column":52}}],"line":66},"2":{"loc":{"start":{"line":67,"column":2},"end":{"line":67,"column":42}},"type":"default-arg","locations":[{"start":{"line":67,"column":28},"end":{"line":67,"column":42}}],"line":67},"3":{"loc":{"start":{"line":84,"column":9},"end":{"line":86,"column":8}},"type":"cond-expr","locations":[{"start":{"line":85,"column":6},"end":{"line":85,"column":52}},{"start":{"line":86,"column":6},"end":{"line":86,"column":8}}],"line":84}},"s":{"0":6,"1":6,"2":6,"3":6,"4":7,"5":7,"6":7,"7":48,"8":48,"9":48,"10":48,"11":48,"12":48,"13":48,"14":7,"15":6,"16":6,"17":6,"18":61,"19":61},"f":{"0":7,"1":6,"2":61},"b":{"0":[6],"1":[6],"2":[6],"3":[12,49]},"_coverageSchema":"1a1c01bbd47fc00a2c39e90264f33305004495a9","hash":"42491ad9321f1cf81e51b68afb89144de4afb3bf"},"/home/runner/work/draftjs-conductor/draftjs-conductor/src/lib/api/conversion.ts":{"path":"/home/runner/work/draftjs-conductor/draftjs-conductor/src/lib/api/conversion.ts","statementMap":{"0":{"start":{"line":10,"column":28},"end":{"line":10,"column":32}},"1":{"start":{"line":38,"column":40},"end":{"line":52,"column":1}},"2":{"start":{"line":44,"column":2},"end":{"line":49,"column":3}},"3":{"start":{"line":45,"column":25},"end":{"line":45,"column":56}},"4":{"start":{"line":46,"column":4},"end":{"line":46,"column":73}},"5":{"start":{"line":48,"column":4},"end":{"line":48,"column":53}},"6":{"start":{"line":51,"column":2},"end":{"line":51,"column":21}},"7":{"start":{"line":58,"column":41},"end":{"line":71,"column":1}},"8":{"start":{"line":59,"column":23},"end":{"line":59,"column":54}},"9":{"start":{"line":60,"column":26},"end":{"line":60,"column":52}},"10":{"start":{"line":62,"column":18},"end":{"line":68,"column":4}},"11":{"start":{"line":64,"column":6},"end":{"line":66,"column":72}},"12":{"start":{"line":67,"column":4},"end":{"line":67,"column":24}},"13":{"start":{"line":70,"column":2},"end":{"line":70,"column":57}}},"fnMap":{"0":{"name":"(anonymous_0)","decl":{"start":{"line":38,"column":40},"end":{"line":38,"column":41}},"loc":{"start":{"line":41,"column":5},"end":{"line":52,"column":1}},"line":41},"1":{"name":"(anonymous_1)","decl":{"start":{"line":58,"column":41},"end":{"line":58,"column":42}},"loc":{"start":{"line":58,"column":71},"end":{"line":71,"column":1}},"line":58},"2":{"name":"(anonymous_2)","decl":{"start":{"line":62,"column":47},"end":{"line":62,"column":48}},"loc":{"start":{"line":62,"column":58},"end":{"line":68,"column":3}},"line":62}},"branchMap":{"0":{"loc":{"start":{"line":44,"column":2},"end":{"line":49,"column":3}},"type":"if","locations":[{"start":{"line":44,"column":2},"end":{"line":49,"column":3}},{"start":{"line":47,"column":9},"end":{"line":49,"column":3}}],"line":44},"1":{"loc":{"start":{"line":64,"column":6},"end":{"line":66,"column":72}},"type":"binary-expr","locations":[{"start":{"line":64,"column":6},"end":{"line":64,"column":36}},{"start":{"line":65,"column":7},"end":{"line":65,"column":26}},{"start":{"line":65,"column":30},"end":{"line":65,"column":61}},{"start":{"line":66,"column":7},"end":{"line":66,"column":31}},{"start":{"line":66,"column":35},"end":{"line":66,"column":71}}],"line":64},"2":{"loc":{"start":{"line":70,"column":9},"end":{"line":70,"column":56}},"type":"cond-expr","locations":[{"start":{"line":70,"column":19},"end":{"line":70,"column":38}},{"start":{"line":70,"column":41},"end":{"line":70,"column":56}}],"line":70}},"s":{"0":6,"1":6,"2":29,"3":9,"4":9,"5":20,"6":29,"7":6,"8":37,"9":37,"10":37,"11":40,"12":40,"13":37},"f":{"0":29,"1":37,"2":40},"b":{"0":[9,20],"1":[40,35,35,29,29],"2":[26,11]},"_coverageSchema":"1a1c01bbd47fc00a2c39e90264f33305004495a9","hash":"7b1d41cb81d0e5937863b109be2566fa7760f3e8"},"/home/runner/work/draftjs-conductor/draftjs-conductor/src/lib/index.ts":{"path":"/home/runner/work/draftjs-conductor/draftjs-conductor/src/lib/index.ts","statementMap":{},"fnMap":{},"branchMap":{},"s":{},"f":{},"b":{},"_coverageSchema":"1a1c01bbd47fc00a2c39e90264f33305004495a9","hash":"8a63ac57995bba509beb53fdb90673839442af6f"}}}