{"numFailedTestSuites":0,"numFailedTests":0,"numPassedTestSuites":13,"numPassedTests":84,"numPendingTestSuites":0,"numPendingTests":0,"numRuntimeErrorTestSuites":0,"numTodoTests":0,"numTotalTestSuites":13,"numTotalTests":84,"openHandles":[],"snapshot":{"added":0,"didUpdate":false,"failure":false,"filesAdded":0,"filesRemoved":0,"filesRemovedList":[],"filesUnmatched":0,"filesUpdated":0,"matched":19,"total":19,"unchecked":0,"uncheckedKeysByFile":[],"unmatched":0,"updated":0},"startTime":1651338564603,"success":true,"testResults":[{"assertionResults":[{"ancestorTitles":["copypaste","registerCopySource"],"failureMessages":[],"fullName":"copypaste registerCopySource registers and unregisters works for copy","location":null,"status":"passed","title":"registers and unregisters works for copy"},{"ancestorTitles":["copypaste","registerCopySource"],"failureMessages":[],"fullName":"copypaste registerCopySource works for cut","location":null,"status":"passed","title":"works for cut"},{"ancestorTitles":["copypaste","onDraftEditorCopy"],"failureMessages":[],"fullName":"copypaste onDraftEditorCopy calls editOnCopy","location":null,"status":"passed","title":"calls editOnCopy"},{"ancestorTitles":["copypaste","onDraftEditorCut"],"failureMessages":[],"fullName":"copypaste onDraftEditorCut does not break","location":null,"status":"passed","title":"does not break"},{"ancestorTitles":["copypaste","copy/cut listener"],"failureMessages":[],"fullName":"copypaste copy/cut listener no selection","location":null,"status":"passed","title":"no selection"},{"ancestorTitles":["copypaste","copy/cut listener"],"failureMessages":[],"fullName":"copypaste copy/cut listener no clipboardData, IE11","location":null,"status":"passed","title":"no clipboardData, IE11"},{"ancestorTitles":["copypaste","copy/cut listener"],"failureMessages":[],"fullName":"copypaste copy/cut listener works","location":null,"status":"passed","title":"works"},{"ancestorTitles":["copypaste","copy/cut listener"],"failureMessages":[],"fullName":"copypaste copy/cut listener uses the default copy-paste behavior if content is empty","location":null,"status":"passed","title":"uses the default copy-paste behavior if content is empty"},{"ancestorTitles":["copypaste","copy/cut listener"],"failureMessages":[],"fullName":"copypaste copy/cut listener supports copy-pasting from decorators content","location":null,"status":"passed","title":"supports copy-pasting from decorators content"},{"ancestorTitles":["copypaste","copy/cut listener"],"failureMessages":[],"fullName":"copypaste copy/cut listener supports copy-pasting from decorators content #2","location":null,"status":"passed","title":"supports copy-pasting from decorators content #2"},{"ancestorTitles":["copypaste","copy/cut listener"],"failureMessages":[],"fullName":"copypaste copy/cut listener supports pasting from text nodes only","location":null,"status":"passed","title":"supports pasting from text nodes only"},{"ancestorTitles":["copypaste"],"failureMessages":[],"fullName":"copypaste checks whether anchor node is indeed in a decorator","location":null,"status":"passed","title":"checks whether anchor node is indeed in a decorator"},{"ancestorTitles":["copypaste"],"failureMessages":[],"fullName":"copypaste checks whether focus node is indeed in a decorator","location":null,"status":"passed","title":"checks whether focus node is indeed in a decorator"},{"ancestorTitles":["copypaste","handleDraftEditorPastedText"],"failureMessages":[],"fullName":"copypaste handleDraftEditorPastedText no HTML","location":null,"status":"passed","title":"no HTML"},{"ancestorTitles":["copypaste","handleDraftEditorPastedText"],"failureMessages":[],"fullName":"copypaste handleDraftEditorPastedText HTML from other app","location":null,"status":"passed","title":"HTML from other app"},{"ancestorTitles":["copypaste","handleDraftEditorPastedText"],"failureMessages":[],"fullName":"copypaste handleDraftEditorPastedText HTML from draftjs-conductor","location":null,"status":"passed","title":"HTML from draftjs-conductor"},{"ancestorTitles":["copypaste","handleDraftEditorPastedText"],"failureMessages":[],"fullName":"copypaste handleDraftEditorPastedText invalid JSON","location":null,"status":"passed","title":"invalid JSON"},{"ancestorTitles":["copypaste","getDraftEditorPastedContent"],"failureMessages":[],"fullName":"copypaste getDraftEditorPastedContent no HTML","location":null,"status":"passed","title":"no HTML"},{"ancestorTitles":["copypaste","getDraftEditorPastedContent"],"failureMessages":[],"fullName":"copypaste getDraftEditorPastedContent HTML from other app","location":null,"status":"passed","title":"HTML from other app"},{"ancestorTitles":["copypaste","getDraftEditorPastedContent"],"failureMessages":[],"fullName":"copypaste getDraftEditorPastedContent HTML from draftjs-conductor","location":null,"status":"passed","title":"HTML from draftjs-conductor"},{"ancestorTitles":["copypaste","getDraftEditorPastedContent"],"failureMessages":[],"fullName":"copypaste getDraftEditorPastedContent invalid JSON","location":null,"status":"passed","title":"invalid JSON"}],"endTime":1651338566664,"message":"","name":"/home/runner/work/draftjs-conductor/draftjs-conductor/src/lib/api/copypaste.test.js","startTime":1651338565121,"status":"passed","summary":""},{"assertionResults":[{"ancestorTitles":["DemoEditor"],"failureMessages":[],"fullName":"DemoEditor renders","location":null,"status":"passed","title":"renders"},{"ancestorTitles":["DemoEditor","#extended"],"failureMessages":[],"fullName":"DemoEditor #extended works","location":null,"status":"passed","title":"works"},{"ancestorTitles":["DemoEditor","#extended"],"failureMessages":[],"fullName":"DemoEditor #extended can take predefined content","location":null,"status":"passed","title":"can take predefined content"},{"ancestorTitles":["DemoEditor","onChange"],"failureMessages":[],"fullName":"DemoEditor onChange works","location":null,"status":"passed","title":"works"},{"ancestorTitles":["DemoEditor"],"failureMessages":[],"fullName":"DemoEditor toggleStyle","location":null,"status":"passed","title":"toggleStyle"},{"ancestorTitles":["DemoEditor"],"failureMessages":[],"fullName":"DemoEditor toggleBlock","location":null,"status":"passed","title":"toggleBlock"},{"ancestorTitles":["DemoEditor","toggleEntity"],"failureMessages":[],"fullName":"DemoEditor toggleEntity LINK","location":null,"status":"passed","title":"LINK"},{"ancestorTitles":["DemoEditor","toggleEntity"],"failureMessages":[],"fullName":"DemoEditor toggleEntity IMAGE","location":null,"status":"passed","title":"IMAGE"},{"ancestorTitles":["DemoEditor","toggleEntity"],"failureMessages":[],"fullName":"DemoEditor toggleEntity SNIPPET","location":null,"status":"passed","title":"SNIPPET"},{"ancestorTitles":["DemoEditor","toggleEntity"],"failureMessages":[],"fullName":"DemoEditor toggleEntity HORIZONTAL_RULE","location":null,"status":"passed","title":"HORIZONTAL_RULE"},{"ancestorTitles":["DemoEditor","blockRenderer"],"failureMessages":[],"fullName":"DemoEditor blockRenderer unstyled","location":null,"status":"passed","title":"unstyled"},{"ancestorTitles":["DemoEditor","blockRenderer"],"failureMessages":[],"fullName":"DemoEditor blockRenderer no entity","location":null,"status":"passed","title":"no entity"},{"ancestorTitles":["DemoEditor","blockRenderer"],"failureMessages":[],"fullName":"DemoEditor blockRenderer HORIZONTAL_RULE","location":null,"status":"passed","title":"HORIZONTAL_RULE"},{"ancestorTitles":["DemoEditor","blockRenderer"],"failureMessages":[],"fullName":"DemoEditor blockRenderer IMAGE","location":null,"status":"passed","title":"IMAGE"},{"ancestorTitles":["DemoEditor","blockRenderer"],"failureMessages":[],"fullName":"DemoEditor blockRenderer SNIPPET","location":null,"status":"passed","title":"SNIPPET"},{"ancestorTitles":["DemoEditor","handlePastedText"],"failureMessages":[],"fullName":"DemoEditor handlePastedText handled by handleDraftEditorPastedText","location":null,"status":"passed","title":"handled by handleDraftEditorPastedText"},{"ancestorTitles":["DemoEditor","handlePastedText"],"failureMessages":[],"fullName":"DemoEditor handlePastedText default handling","location":null,"status":"passed","title":"default handling"},{"ancestorTitles":["DemoEditor","keyBindingFn"],"failureMessages":[],"fullName":"DemoEditor keyBindingFn works","location":null,"status":"passed","title":"works"},{"ancestorTitles":["DemoEditor","keyBindingFn"],"failureMessages":[],"fullName":"DemoEditor keyBindingFn does not change state directly with other keys","location":null,"status":"passed","title":"does not change state directly with other keys"},{"ancestorTitles":["DemoEditor","addBR"],"failureMessages":[],"fullName":"DemoEditor addBR works","location":null,"status":"passed","title":"works"},{"ancestorTitles":["DemoEditor","toggleReadOnly"],"failureMessages":[],"fullName":"DemoEditor toggleReadOnly works","location":null,"status":"passed","title":"works"}],"endTime":1651338568192,"message":"","name":"/home/runner/work/draftjs-conductor/draftjs-conductor/src/demo/components/DemoEditor.test.js","startTime":1651338566687,"status":"passed","summary":""},{"assertionResults":[{"ancestorTitles":["generateListNestingStyles"],"failureMessages":[],"fullName":"generateListNestingStyles works","location":null,"status":"passed","title":"works"},{"ancestorTitles":["getListNestingStyles"],"failureMessages":[],"fullName":"getListNestingStyles works","location":null,"status":"passed","title":"works"},{"ancestorTitles":["getListNestingStyles"],"failureMessages":[],"fullName":"getListNestingStyles max > DRAFT_DEFAULT_MAX_DEPTH","location":null,"status":"passed","title":"max > DRAFT_DEFAULT_MAX_DEPTH"},{"ancestorTitles":["blockDepthStyleFn"],"failureMessages":[],"fullName":"blockDepthStyleFn works","location":null,"status":"passed","title":"works"},{"ancestorTitles":["blockDepthStyleFn"],"failureMessages":[],"fullName":"blockDepthStyleFn depth > DRAFT_DEFAULT_MAX_DEPTH","location":null,"status":"passed","title":"depth > DRAFT_DEFAULT_MAX_DEPTH"}],"endTime":1651338568832,"message":"","name":"/home/runner/work/draftjs-conductor/draftjs-conductor/src/lib/api/lists.test.js","startTime":1651338568215,"status":"passed","summary":""},{"assertionResults":[{"ancestorTitles":["#createEditorStateFromRaw"],"failureMessages":[],"fullName":"#createEditorStateFromRaw creates state from real content","location":null,"status":"passed","title":"creates state from real content"},{"ancestorTitles":["#createEditorStateFromRaw"],"failureMessages":[],"fullName":"#createEditorStateFromRaw creates empty state from empty content","location":null,"status":"passed","title":"creates empty state from empty content"},{"ancestorTitles":["#createEditorStateFromRaw"],"failureMessages":[],"fullName":"#createEditorStateFromRaw takes a decorator","location":null,"status":"passed","title":"takes a decorator"},{"ancestorTitles":["#serialiseEditorStateToRaw"],"failureMessages":[],"fullName":"#serialiseEditorStateToRaw keeps real content","location":null,"status":"passed","title":"keeps real content"},{"ancestorTitles":["#serialiseEditorStateToRaw"],"failureMessages":[],"fullName":"#serialiseEditorStateToRaw discards empty content","location":null,"status":"passed","title":"discards empty content"},{"ancestorTitles":["#serialiseEditorStateToRaw"],"failureMessages":[],"fullName":"#serialiseEditorStateToRaw discards content with only empty text","location":null,"status":"passed","title":"discards content with only empty text"}],"endTime":1651338569371,"message":"","name":"/home/runner/work/draftjs-conductor/draftjs-conductor/src/lib/api/conversion.test.js","startTime":1651338568860,"status":"passed","summary":""},{"assertionResults":[{"ancestorTitles":["SentryBoundary"],"failureMessages":[],"fullName":"SentryBoundary renders","location":null,"status":"passed","title":"renders"},{"ancestorTitles":["SentryBoundary"],"failureMessages":[],"fullName":"SentryBoundary componentDidCatch","location":null,"status":"passed","title":"componentDidCatch"},{"ancestorTitles":["SentryBoundary"],"failureMessages":[],"fullName":"SentryBoundary componentDidCatch Raven","location":null,"status":"passed","title":"componentDidCatch Raven"},{"ancestorTitles":["SentryBoundary"],"failureMessages":[],"fullName":"SentryBoundary #error","location":null,"status":"passed","title":"#error"},{"ancestorTitles":["SentryBoundary"],"failureMessages":[],"fullName":"SentryBoundary #error reload","location":null,"status":"passed","title":"#error reload"},{"ancestorTitles":["SentryBoundary"],"failureMessages":[],"fullName":"SentryBoundary #error Raven","location":null,"status":"passed","title":"#error Raven"},{"ancestorTitles":["SentryBoundary"],"failureMessages":[],"fullName":"SentryBoundary #error Raven report","location":null,"status":"passed","title":"#error Raven report"}],"endTime":1651338569756,"message":"","name":"/home/runner/work/draftjs-conductor/draftjs-conductor/src/demo/components/SentryBoundary.test.js","startTime":1651338569384,"status":"passed","summary":""},{"assertionResults":[{"ancestorTitles":["Link"],"failureMessages":[],"fullName":"Link renders","location":null,"status":"passed","title":"renders"},{"ancestorTitles":["linkStrategy"],"failureMessages":[],"fullName":"linkStrategy works","location":null,"status":"passed","title":"works"}],"endTime":1651338570220,"message":"","name":"/home/runner/work/draftjs-conductor/draftjs-conductor/src/demo/components/Link.test.js","startTime":1651338569774,"status":"passed","summary":""},{"assertionResults":[{"ancestorTitles":["DraftUtils","#addLineBreak"],"failureMessages":[],"fullName":"DraftUtils #addLineBreak works, collapsed","location":null,"status":"passed","title":"works, collapsed"},{"ancestorTitles":["DraftUtils","#addLineBreak"],"failureMessages":[],"fullName":"DraftUtils #addLineBreak works, non-collapsed","location":null,"status":"passed","title":"works, non-collapsed"}],"endTime":1651338570661,"message":"","name":"/home/runner/work/draftjs-conductor/draftjs-conductor/src/demo/utils/DraftUtils.test.js","startTime":1651338570232,"status":"passed","summary":""},{"assertionResults":[{"ancestorTitles":["draftjs-conductor"],"failureMessages":[],"fullName":"draftjs-conductor getListNestingStyles","location":null,"status":"passed","title":"getListNestingStyles"},{"ancestorTitles":["draftjs-conductor"],"failureMessages":[],"fullName":"draftjs-conductor DRAFT_DEFAULT_MAX_DEPTH","location":null,"status":"passed","title":"DRAFT_DEFAULT_MAX_DEPTH"},{"ancestorTitles":["draftjs-conductor"],"failureMessages":[],"fullName":"draftjs-conductor DRAFT_DEFAULT_DEPTH_CLASS","location":null,"status":"passed","title":"DRAFT_DEFAULT_DEPTH_CLASS"},{"ancestorTitles":["draftjs-conductor"],"failureMessages":[],"fullName":"draftjs-conductor generateListNestingStyles","location":null,"status":"passed","title":"generateListNestingStyles"},{"ancestorTitles":["draftjs-conductor"],"failureMessages":[],"fullName":"draftjs-conductor blockDepthStyleFn","location":null,"status":"passed","title":"blockDepthStyleFn"},{"ancestorTitles":["draftjs-conductor"],"failureMessages":[],"fullName":"draftjs-conductor registerCopySource","location":null,"status":"passed","title":"registerCopySource"},{"ancestorTitles":["draftjs-conductor"],"failureMessages":[],"fullName":"draftjs-conductor onDraftEditorCopy","location":null,"status":"passed","title":"onDraftEditorCopy"},{"ancestorTitles":["draftjs-conductor"],"failureMessages":[],"fullName":"draftjs-conductor onDraftEditorCut","location":null,"status":"passed","title":"onDraftEditorCut"},{"ancestorTitles":["draftjs-conductor"],"failureMessages":[],"fullName":"draftjs-conductor handleDraftEditorPastedText","location":null,"status":"passed","title":"handleDraftEditorPastedText"},{"ancestorTitles":["draftjs-conductor"],"failureMessages":[],"fullName":"draftjs-conductor createEditorStateFromRaw","location":null,"status":"passed","title":"createEditorStateFromRaw"},{"ancestorTitles":["draftjs-conductor"],"failureMessages":[],"fullName":"draftjs-conductor serialiseEditorStateToRaw","location":null,"status":"passed","title":"serialiseEditorStateToRaw"}],"endTime":1651338571056,"message":"","name":"/home/runner/work/draftjs-conductor/draftjs-conductor/src/lib/index.test.js","startTime":1651338570673,"status":"passed","summary":""},{"assertionResults":[{"ancestorTitles":["Snippet"],"failureMessages":[],"fullName":"Snippet renders","location":null,"status":"passed","title":"renders"},{"ancestorTitles":["Snippet"],"failureMessages":[],"fullName":"Snippet no entity","location":null,"status":"passed","title":"no entity"}],"endTime":1651338571481,"message":"","name":"/home/runner/work/draftjs-conductor/draftjs-conductor/src/demo/components/Snippet.test.js","startTime":1651338571085,"status":"passed","summary":""},{"assertionResults":[{"ancestorTitles":["Image"],"failureMessages":[],"fullName":"Image renders","location":null,"status":"passed","title":"renders"},{"ancestorTitles":["Image"],"failureMessages":[],"fullName":"Image no entity","location":null,"status":"passed","title":"no entity"}],"endTime":1651338571921,"message":"","name":"/home/runner/work/draftjs-conductor/draftjs-conductor/src/demo/components/Image.test.js","startTime":1651338571503,"status":"passed","summary":""},{"assertionResults":[{"ancestorTitles":["demo"],"failureMessages":[],"fullName":"demo mount","location":null,"status":"passed","title":"mount"},{"ancestorTitles":["demo"],"failureMessages":[],"fullName":"demo no mount","location":null,"status":"passed","title":"no mount"}],"endTime":1651338572625,"message":"","name":"/home/runner/work/draftjs-conductor/draftjs-conductor/src/index.test.js","startTime":1651338571935,"status":"passed","summary":""},{"assertionResults":[{"ancestorTitles":["Highlight"],"failureMessages":[],"fullName":"Highlight renders","location":null,"status":"passed","title":"renders"},{"ancestorTitles":["Highlight"],"failureMessages":[],"fullName":"Highlight onCopy","location":null,"status":"passed","title":"onCopy"}],"endTime":1651338572984,"message":"","name":"/home/runner/work/draftjs-conductor/draftjs-conductor/src/demo/components/Highlight.test.js","startTime":1651338572644,"status":"passed","summary":""},{"assertionResults":[{"ancestorTitles":["App"],"failureMessages":[],"fullName":"App renders","location":null,"status":"passed","title":"renders"}],"endTime":1651338573412,"message":"","name":"/home/runner/work/draftjs-conductor/draftjs-conductor/src/demo/components/App.test.js","startTime":1651338572996,"status":"passed","summary":""}],"wasInterrupted":false,"coverageMap":{"/home/runner/work/draftjs-conductor/draftjs-conductor/src/lib/api/copypaste.js":{"path":"/home/runner/work/draftjs-conductor/draftjs-conductor/src/lib/api/copypaste.js","statementMap":{"0":{"start":{"line":19,"column":22},"end":{"line":19,"column":55}},"1":{"start":{"line":21,"column":24},"end":{"line":21,"column":74}},"2":{"start":{"line":25,"column":31},"end":{"line":45,"column":1}},"3":{"start":{"line":26,"column":36},"end":{"line":26,"column":45}},"4":{"start":{"line":27,"column":2},"end":{"line":29,"column":3}},"5":{"start":{"line":28,"column":4},"end":{"line":28,"column":17}},"6":{"start":{"line":32,"column":4},"end":{"line":32,"column":73}},"7":{"start":{"line":34,"column":4},"end":{"line":34,"column":70}},"8":{"start":{"line":36,"column":26},"end":{"line":36,"column":67}},"9":{"start":{"line":37,"column":25},"end":{"line":37,"column":64}},"10":{"start":{"line":39,"column":2},"end":{"line":44,"column":4}},"11":{"start":{"line":48,"column":27},"end":{"line":67,"column":1}},"12":{"start":{"line":52,"column":29},"end":{"line":52,"column":77}},"13":{"start":{"line":54,"column":19},"end":{"line":57,"column":3}},"14":{"start":{"line":62,"column":18},"end":{"line":64,"column":4}},"15":{"start":{"line":63,"column":4},"end":{"line":63,"column":40}},"16":{"start":{"line":66,"column":2},"end":{"line":66,"column":35}},"17":{"start":{"line":73,"column":35},"end":{"line":113,"column":1}},"18":{"start":{"line":77,"column":20},"end":{"line":77,"column":41}},"19":{"start":{"line":82,"column":2},"end":{"line":88,"column":3}},"20":{"start":{"line":87,"column":4},"end":{"line":87,"column":11}},"21":{"start":{"line":90,"column":19},"end":{"line":90,"column":73}},"22":{"start":{"line":93,"column":2},"end":{"line":112,"column":3}},"23":{"start":{"line":94,"column":20},"end":{"line":94,"column":73}},"24":{"start":{"line":95,"column":30},"end":{"line":95,"column":67}},"25":{"start":{"line":99,"column":24},"end":{"line":99,"column":53}},"26":{"start":{"line":101,"column":4},"end":{"line":101,"column":69}},"27":{"start":{"line":102,"column":4},"end":{"line":102,"column":63}},"28":{"start":{"line":106,"column":4},"end":{"line":106,"column":64}},"29":{"start":{"line":108,"column":4},"end":{"line":108,"column":64}},"30":{"start":{"line":109,"column":4},"end":{"line":109,"column":64}},"31":{"start":{"line":111,"column":4},"end":{"line":111,"column":23}},"32":{"start":{"line":115,"column":33},"end":{"line":121,"column":1}},"33":{"start":{"line":119,"column":2},"end":{"line":119,"column":40}},"34":{"start":{"line":120,"column":2},"end":{"line":120,"column":24}},"35":{"start":{"line":123,"column":32},"end":{"line":129,"column":1}},"36":{"start":{"line":127,"column":2},"end":{"line":127,"column":40}},"37":{"start":{"line":128,"column":2},"end":{"line":128,"column":23}},"38":{"start":{"line":134,"column":34},"end":{"line":147,"column":1}},"39":{"start":{"line":135,"column":20},"end":{"line":135,"column":30}},"40":{"start":{"line":136,"column":20},"end":{"line":136,"column":62}},"41":{"start":{"line":138,"column":2},"end":{"line":138,"column":48}},"42":{"start":{"line":139,"column":2},"end":{"line":139,"column":47}},"43":{"start":{"line":141,"column":2},"end":{"line":146,"column":4}},"44":{"start":{"line":143,"column":6},"end":{"line":143,"column":55}},"45":{"start":{"line":144,"column":6},"end":{"line":144,"column":54}},"46":{"start":{"line":153,"column":43},"end":{"line":180,"column":1}},"47":{"start":{"line":155,"column":2},"end":{"line":157,"column":3}},"48":{"start":{"line":156,"column":4},"end":{"line":156,"column":16}},"49":{"start":{"line":159,"column":14},"end":{"line":159,"column":64}},"50":{"start":{"line":160,"column":22},"end":{"line":160,"column":61}},"51":{"start":{"line":163,"column":2},"end":{"line":177,"column":3}},"52":{"start":{"line":164,"column":25},"end":{"line":164,"column":64}},"53":{"start":{"line":167,"column":4},"end":{"line":174,"column":5}},"54":{"start":{"line":171,"column":6},"end":{"line":171,"column":44}},"55":{"start":{"line":173,"column":6},"end":{"line":173,"column":18}},"56":{"start":{"line":176,"column":4},"end":{"line":176,"column":38}},"57":{"start":{"line":179,"column":2},"end":{"line":179,"column":14}},"58":{"start":{"line":187,"column":43},"end":{"line":205,"column":1}},"59":{"start":{"line":191,"column":24},"end":{"line":191,"column":57}},"60":{"start":{"line":193,"column":2},"end":{"line":202,"column":3}},"61":{"start":{"line":194,"column":21},"end":{"line":194,"column":48}},"62":{"start":{"line":196,"column":20},"end":{"line":200,"column":5}},"63":{"start":{"line":201,"column":4},"end":{"line":201,"column":69}},"64":{"start":{"line":204,"column":2},"end":{"line":204,"column":15}}},"fnMap":{"0":{"name":"(anonymous_0)","decl":{"start":{"line":25,"column":31},"end":{"line":25,"column":32}},"loc":{"start":{"line":25,"column":57},"end":{"line":45,"column":1}},"line":25},"1":{"name":"(anonymous_1)","decl":{"start":{"line":48,"column":27},"end":{"line":48,"column":28}},"loc":{"start":{"line":51,"column":5},"end":{"line":67,"column":1}},"line":51},"2":{"name":"(anonymous_2)","decl":{"start":{"line":62,"column":33},"end":{"line":62,"column":34}},"loc":{"start":{"line":62,"column":44},"end":{"line":64,"column":3}},"line":62},"3":{"name":"(anonymous_3)","decl":{"start":{"line":73,"column":35},"end":{"line":73,"column":36}},"loc":{"start":{"line":76,"column":5},"end":{"line":113,"column":1}},"line":76},"4":{"name":"(anonymous_4)","decl":{"start":{"line":115,"column":33},"end":{"line":115,"column":34}},"loc":{"start":{"line":118,"column":5},"end":{"line":121,"column":1}},"line":118},"5":{"name":"(anonymous_5)","decl":{"start":{"line":123,"column":32},"end":{"line":123,"column":33}},"loc":{"start":{"line":126,"column":5},"end":{"line":129,"column":1}},"line":126},"6":{"name":"(anonymous_6)","decl":{"start":{"line":134,"column":34},"end":{"line":134,"column":35}},"loc":{"start":{"line":134,"column":63},"end":{"line":147,"column":1}},"line":134},"7":{"name":"(anonymous_7)","decl":{"start":{"line":142,"column":4},"end":{"line":142,"column":5}},"loc":{"start":{"line":142,"column":17},"end":{"line":145,"column":5}},"line":142},"8":{"name":"(anonymous_8)","decl":{"start":{"line":153,"column":43},"end":{"line":153,"column":44}},"loc":{"start":{"line":153,"column":62},"end":{"line":180,"column":1}},"line":153},"9":{"name":"(anonymous_9)","decl":{"start":{"line":187,"column":43},"end":{"line":187,"column":44}},"loc":{"start":{"line":190,"column":5},"end":{"line":205,"column":1}},"line":190}},"branchMap":{"0":{"loc":{"start":{"line":27,"column":2},"end":{"line":29,"column":3}},"type":"if","locations":[{"start":{"line":27,"column":2},"end":{"line":29,"column":3}},{"start":{},"end":{}}],"line":27},"1":{"loc":{"start":{"line":27,"column":6},"end":{"line":27,"column":31}},"type":"binary-expr","locations":[{"start":{"line":27,"column":6},"end":{"line":27,"column":17}},{"start":{"line":27,"column":21},"end":{"line":27,"column":31}}],"line":27},"2":{"loc":{"start":{"line":32,"column":4},"end":{"line":32,"column":73}},"type":"cond-expr","locations":[{"start":{"line":32,"column":36},"end":{"line":32,"column":46}},{"start":{"line":32,"column":49},"end":{"line":32,"column":73}}],"line":32},"3":{"loc":{"start":{"line":34,"column":4},"end":{"line":34,"column":70}},"type":"cond-expr","locations":[{"start":{"line":34,"column":35},"end":{"line":34,"column":44}},{"start":{"line":34,"column":47},"end":{"line":34,"column":70}}],"line":34},"4":{"loc":{"start":{"line":36,"column":26},"end":{"line":36,"column":67}},"type":"binary-expr","locations":[{"start":{"line":36,"column":26},"end":{"line":36,"column":32}},{"start":{"line":36,"column":36},"end":{"line":36,"column":67}}],"line":36},"5":{"loc":{"start":{"line":37,"column":25},"end":{"line":37,"column":64}},"type":"binary-expr","locations":[{"start":{"line":37,"column":25},"end":{"line":37,"column":30}},{"start":{"line":37,"column":34},"end":{"line":37,"column":64}}],"line":37},"6":{"loc":{"start":{"line":40,"column":4},"end":{"line":43,"column":47}},"type":"binary-expr","locations":[{"start":{"line":40,"column":4},"end":{"line":40,"column":19}},{"start":{"line":41,"column":4},"end":{"line":41,"column":18}},{"start":{"line":42,"column":5},"end":{"line":42,"column":45}},{"start":{"line":43,"column":6},"end":{"line":43,"column":46}}],"line":40},"7":{"loc":{"start":{"line":66,"column":9},"end":{"line":66,"column":34}},"type":"cond-expr","locations":[{"start":{"line":66,"column":19},"end":{"line":66,"column":23}},{"start":{"line":66,"column":26},"end":{"line":66,"column":34}}],"line":66},"8":{"loc":{"start":{"line":82,"column":2},"end":{"line":88,"column":3}},"type":"if","locations":[{"start":{"line":82,"column":2},"end":{"line":88,"column":3}},{"start":{},"end":{}}],"line":82},"9":{"loc":{"start":{"line":83,"column":4},"end":{"line":85,"column":37}},"type":"binary-expr","locations":[{"start":{"line":83,"column":4},"end":{"line":83,"column":20}},{"start":{"line":84,"column":4},"end":{"line":84,"column":30}},{"start":{"line":85,"column":4},"end":{"line":85,"column":37}}],"line":83},"10":{"loc":{"start":{"line":93,"column":2},"end":{"line":112,"column":3}},"type":"if","locations":[{"start":{"line":93,"column":2},"end":{"line":112,"column":3}},{"start":{},"end":{}}],"line":93},"11":{"loc":{"start":{"line":155,"column":2},"end":{"line":157,"column":3}},"type":"if","locations":[{"start":{"line":155,"column":2},"end":{"line":157,"column":3}},{"start":{},"end":{}}],"line":155},"12":{"loc":{"start":{"line":155,"column":6},"end":{"line":155,"column":65}},"type":"binary-expr","locations":[{"start":{"line":155,"column":6},"end":{"line":155,"column":17}},{"start":{"line":155,"column":21},"end":{"line":155,"column":48}},{"start":{"line":155,"column":52},"end":{"line":155,"column":65}}],"line":155},"13":{"loc":{"start":{"line":163,"column":2},"end":{"line":177,"column":3}},"type":"if","locations":[{"start":{"line":163,"column":2},"end":{"line":177,"column":3}},{"start":{},"end":{}}],"line":163},"14":{"loc":{"start":{"line":193,"column":2},"end":{"line":202,"column":3}},"type":"if","locations":[{"start":{"line":193,"column":2},"end":{"line":202,"column":3}},{"start":{},"end":{}}],"line":193}},"s":{"0":6,"1":6,"2":6,"3":7,"4":7,"5":2,"6":5,"7":5,"8":5,"9":5,"10":5,"11":6,"12":4,"13":4,"14":4,"15":4,"16":4,"17":6,"18":13,"19":13,"20":9,"21":4,"22":4,"23":1,"24":1,"25":1,"26":1,"27":1,"28":1,"29":1,"30":1,"31":1,"32":6,"33":1,"34":1,"35":6,"36":1,"37":1,"38":6,"39":11,"40":11,"41":11,"42":11,"43":11,"44":2,"45":2,"46":6,"47":10,"48":2,"49":8,"50":8,"51":8,"52":5,"53":5,"54":5,"55":2,"56":3,"57":3,"58":6,"59":6,"60":6,"61":2,"62":2,"63":2,"64":4},"f":{"0":7,"1":4,"2":4,"3":13,"4":1,"5":1,"6":11,"7":2,"8":10,"9":6},"b":{"0":[2,5],"1":[7,5],"2":[4,1],"3":[4,1],"4":[5,5],"5":[5,5],"6":[5,4,3,1],"7":[3,1],"8":[9,4],"9":[13,12,7],"10":[1,3],"11":[2,8],"12":[10,10,10],"13":[5,3],"14":[2,4]},"_coverageSchema":"1a1c01bbd47fc00a2c39e90264f33305004495a9","hash":"dd8dc7dde3d8271647e69bc28a541d66586772ca"},"/home/runner/work/draftjs-conductor/draftjs-conductor/src/lib/api/lists.js":{"path":"/home/runner/work/draftjs-conductor/draftjs-conductor/src/lib/api/lists.js","statementMap":{"0":{"start":{"line":5,"column":39},"end":{"line":5,"column":40}},"1":{"start":{"line":8,"column":41},"end":{"line":8,"column":73}},"2":{"start":{"line":14,"column":23},"end":{"line":14,"column":64}},"3":{"start":{"line":24,"column":41},"end":{"line":58,"column":1}},"4":{"start":{"line":30,"column":15},"end":{"line":40,"column":1}},"5":{"start":{"line":42,"column":2},"end":{"line":55,"column":3}},"6":{"start":{"line":42,"column":19},"end":{"line":42,"column":27}},"7":{"start":{"line":43,"column":14},"end":{"line":43,"column":27}},"8":{"start":{"line":44,"column":19},"end":{"line":44,"column":42}},"9":{"start":{"line":45,"column":20},"end":{"line":45,"column":28}},"10":{"start":{"line":46,"column":25},"end":{"line":46,"column":68}},"11":{"start":{"line":47,"column":19},"end":{"line":47,"column":36}},"12":{"start":{"line":48,"column":14},"end":{"line":48,"column":28}},"13":{"start":{"line":50,"column":4},"end":{"line":54,"column":74}},"14":{"start":{"line":57,"column":2},"end":{"line":57,"column":16}},"15":{"start":{"line":64,"column":36},"end":{"line":76,"column":1}},"16":{"start":{"line":70,"column":2},"end":{"line":75,"column":4}},"17":{"start":{"line":83,"column":33},"end":{"line":88,"column":1}},"18":{"start":{"line":84,"column":16},"end":{"line":84,"column":32}},"19":{"start":{"line":85,"column":2},"end":{"line":87,"column":9}}},"fnMap":{"0":{"name":"(anonymous_0)","decl":{"start":{"line":24,"column":41},"end":{"line":24,"column":42}},"loc":{"start":{"line":29,"column":5},"end":{"line":58,"column":1}},"line":29},"1":{"name":"(anonymous_1)","decl":{"start":{"line":64,"column":36},"end":{"line":64,"column":37}},"loc":{"start":{"line":69,"column":5},"end":{"line":76,"column":1}},"line":69},"2":{"name":"(anonymous_2)","decl":{"start":{"line":83,"column":33},"end":{"line":83,"column":34}},"loc":{"start":{"line":83,"column":55},"end":{"line":88,"column":1}},"line":83}},"branchMap":{"0":{"loc":{"start":{"line":66,"column":2},"end":{"line":66,"column":48}},"type":"default-arg","locations":[{"start":{"line":66,"column":21},"end":{"line":66,"column":48}}],"line":66},"1":{"loc":{"start":{"line":67,"column":2},"end":{"line":67,"column":52}},"type":"default-arg","locations":[{"start":{"line":67,"column":27},"end":{"line":67,"column":52}}],"line":67},"2":{"loc":{"start":{"line":68,"column":2},"end":{"line":68,"column":42}},"type":"default-arg","locations":[{"start":{"line":68,"column":28},"end":{"line":68,"column":42}}],"line":68},"3":{"loc":{"start":{"line":85,"column":9},"end":{"line":87,"column":8}},"type":"cond-expr","locations":[{"start":{"line":86,"column":6},"end":{"line":86,"column":52}},{"start":{"line":87,"column":6},"end":{"line":87,"column":8}}],"line":85}},"s":{"0":6,"1":6,"2":6,"3":6,"4":7,"5":7,"6":7,"7":48,"8":48,"9":48,"10":48,"11":48,"12":48,"13":48,"14":7,"15":6,"16":6,"17":6,"18":61,"19":61},"f":{"0":7,"1":6,"2":61},"b":{"0":[6],"1":[6],"2":[6],"3":[12,49]},"_coverageSchema":"1a1c01bbd47fc00a2c39e90264f33305004495a9","hash":"54be0d62dd8a543321afe76d1c23996f64b37897"},"/home/runner/work/draftjs-conductor/draftjs-conductor/src/lib/api/conversion.js":{"path":"/home/runner/work/draftjs-conductor/draftjs-conductor/src/lib/api/conversion.js","statementMap":{"0":{"start":{"line":6,"column":28},"end":{"line":6,"column":32}},"1":{"start":{"line":12,"column":40},"end":{"line":26,"column":1}},"2":{"start":{"line":18,"column":2},"end":{"line":23,"column":3}},"3":{"start":{"line":19,"column":25},"end":{"line":19,"column":56}},"4":{"start":{"line":20,"column":4},"end":{"line":20,"column":73}},"5":{"start":{"line":22,"column":4},"end":{"line":22,"column":53}},"6":{"start":{"line":25,"column":2},"end":{"line":25,"column":21}},"7":{"start":{"line":32,"column":41},"end":{"line":45,"column":1}},"8":{"start":{"line":33,"column":23},"end":{"line":33,"column":54}},"9":{"start":{"line":34,"column":26},"end":{"line":34,"column":52}},"10":{"start":{"line":36,"column":18},"end":{"line":42,"column":4}},"11":{"start":{"line":38,"column":6},"end":{"line":40,"column":72}},"12":{"start":{"line":41,"column":4},"end":{"line":41,"column":24}},"13":{"start":{"line":44,"column":2},"end":{"line":44,"column":57}}},"fnMap":{"0":{"name":"(anonymous_0)","decl":{"start":{"line":12,"column":40},"end":{"line":12,"column":41}},"loc":{"start":{"line":15,"column":5},"end":{"line":26,"column":1}},"line":15},"1":{"name":"(anonymous_1)","decl":{"start":{"line":32,"column":41},"end":{"line":32,"column":42}},"loc":{"start":{"line":32,"column":71},"end":{"line":45,"column":1}},"line":32},"2":{"name":"(anonymous_2)","decl":{"start":{"line":36,"column":47},"end":{"line":36,"column":48}},"loc":{"start":{"line":36,"column":58},"end":{"line":42,"column":3}},"line":36}},"branchMap":{"0":{"loc":{"start":{"line":18,"column":2},"end":{"line":23,"column":3}},"type":"if","locations":[{"start":{"line":18,"column":2},"end":{"line":23,"column":3}},{"start":{"line":21,"column":9},"end":{"line":23,"column":3}}],"line":18},"1":{"loc":{"start":{"line":38,"column":6},"end":{"line":40,"column":72}},"type":"binary-expr","locations":[{"start":{"line":38,"column":6},"end":{"line":38,"column":36}},{"start":{"line":39,"column":7},"end":{"line":39,"column":26}},{"start":{"line":39,"column":30},"end":{"line":39,"column":61}},{"start":{"line":40,"column":7},"end":{"line":40,"column":31}},{"start":{"line":40,"column":35},"end":{"line":40,"column":71}}],"line":38},"2":{"loc":{"start":{"line":44,"column":9},"end":{"line":44,"column":56}},"type":"cond-expr","locations":[{"start":{"line":44,"column":19},"end":{"line":44,"column":38}},{"start":{"line":44,"column":41},"end":{"line":44,"column":56}}],"line":44}},"s":{"0":6,"1":6,"2":29,"3":9,"4":9,"5":20,"6":29,"7":6,"8":37,"9":37,"10":37,"11":40,"12":40,"13":37},"f":{"0":29,"1":37,"2":40},"b":{"0":[9,20],"1":[40,35,35,29,29],"2":[26,11]},"_coverageSchema":"1a1c01bbd47fc00a2c39e90264f33305004495a9","hash":"f7b10665b930ec4d12e95894691b6ccd725d1904"},"/home/runner/work/draftjs-conductor/draftjs-conductor/src/lib/index.js":{"path":"/home/runner/work/draftjs-conductor/draftjs-conductor/src/lib/index.js","statementMap":{},"fnMap":{},"branchMap":{},"s":{},"f":{},"b":{},"_coverageSchema":"1a1c01bbd47fc00a2c39e90264f33305004495a9","hash":"9ad5dc51f1c71ce0497d287197eb9ed30eefa045"},"/home/runner/work/draftjs-conductor/draftjs-conductor/src/demo/components/SentryBoundary.js":{"path":"/home/runner/work/draftjs-conductor/draftjs-conductor/src/demo/components/SentryBoundary.js","statementMap":{"0":{"start":{"line":15,"column":4},"end":{"line":15,"column":17}},"1":{"start":{"line":16,"column":4},"end":{"line":16,"column":33}},"2":{"start":{"line":20,"column":29},"end":{"line":20,"column":43}},"3":{"start":{"line":21,"column":4},"end":{"line":21,"column":29}},"4":{"start":{"line":23,"column":4},"end":{"line":25,"column":5}},"5":{"start":{"line":24,"column":6},"end":{"line":24,"column":65}},"6":{"start":{"line":29,"column":25},"end":{"line":29,"column":35}},"7":{"start":{"line":30,"column":22},"end":{"line":30,"column":32}},"8":{"start":{"line":31,"column":29},"end":{"line":31,"column":43}},"9":{"start":{"line":33,"column":4},"end":{"line":81,"column":6}},"10":{"start":{"line":49,"column":22},"end":{"line":50,"column":53}},"11":{"start":{"line":70,"column":33},"end":{"line":70,"column":62}}},"fnMap":{"0":{"name":"(anonymous_0)","decl":{"start":{"line":14,"column":2},"end":{"line":14,"column":3}},"loc":{"start":{"line":14,"column":28},"end":{"line":17,"column":3}},"line":14},"1":{"name":"(anonymous_1)","decl":{"start":{"line":19,"column":2},"end":{"line":19,"column":3}},"loc":{"start":{"line":19,"column":73},"end":{"line":26,"column":3}},"line":19},"2":{"name":"(anonymous_2)","decl":{"start":{"line":28,"column":2},"end":{"line":28,"column":3}},"loc":{"start":{"line":28,"column":11},"end":{"line":82,"column":3}},"line":28},"3":{"name":"(anonymous_3)","decl":{"start":{"line":48,"column":29},"end":{"line":48,"column":30}},"loc":{"start":{"line":49,"column":22},"end":{"line":50,"column":53}},"line":49},"4":{"name":"(anonymous_4)","decl":{"start":{"line":70,"column":27},"end":{"line":70,"column":28}},"loc":{"start":{"line":70,"column":33},"end":{"line":70,"column":62}},"line":70}},"branchMap":{"0":{"loc":{"start":{"line":23,"column":4},"end":{"line":25,"column":5}},"type":"if","locations":[{"start":{"line":23,"column":4},"end":{"line":25,"column":5}},{"start":{},"end":{}}],"line":23},"1":{"loc":{"start":{"line":33,"column":11},"end":{"line":81,"column":5}},"type":"cond-expr","locations":[{"start":{"line":34,"column":6},"end":{"line":78,"column":12}},{"start":{"line":80,"column":6},"end":{"line":80,"column":14}}],"line":33},"2":{"loc":{"start":{"line":45,"column":17},"end":{"line":66,"column":17}},"type":"cond-expr","locations":[{"start":{"line":46,"column":18},"end":{"line":54,"column":27}},{"start":{"line":56,"column":18},"end":{"line":65,"column":22}}],"line":45},"3":{"loc":{"start":{"line":49,"column":22},"end":{"line":50,"column":53}},"type":"binary-expr","locations":[{"start":{"line":49,"column":22},"end":{"line":49,"column":48}},{"start":{"line":50,"column":22},"end":{"line":50,"column":53}}],"line":49}},"s":{"0":31,"1":31,"2":2,"3":2,"4":2,"5":1,"6":47,"7":47,"8":47,"9":47,"10":1,"11":1},"f":{"0":31,"1":2,"2":47,"3":1,"4":1},"b":{"0":[1,1],"1":[6,41],"2":[3,3],"3":[1,1]},"_coverageSchema":"1a1c01bbd47fc00a2c39e90264f33305004495a9","hash":"5a43973339e5800ceac0672e94e730fdfc518d98"},"/home/runner/work/draftjs-conductor/draftjs-conductor/src/demo/components/Highlight.js":{"path":"/home/runner/work/draftjs-conductor/draftjs-conductor/src/demo/components/Highlight.js","statementMap":{"0":{"start":{"line":4,"column":15},"end":{"line":14,"column":1}},"1":{"start":{"line":5,"column":17},"end":{"line":5,"column":51}},"2":{"start":{"line":6,"column":2},"end":{"line":6,"column":23}},"3":{"start":{"line":9,"column":2},"end":{"line":9,"column":36}},"4":{"start":{"line":10,"column":2},"end":{"line":10,"column":18}},"5":{"start":{"line":11,"column":2},"end":{"line":11,"column":31}},"6":{"start":{"line":13,"column":2},"end":{"line":13,"column":36}},"7":{"start":{"line":16,"column":18},"end":{"line":26,"column":1}},"8":{"start":{"line":17,"column":2},"end":{"line":25,"column":8}}},"fnMap":{"0":{"name":"(anonymous_0)","decl":{"start":{"line":4,"column":15},"end":{"line":4,"column":16}},"loc":{"start":{"line":4,"column":34},"end":{"line":14,"column":1}},"line":4},"1":{"name":"(anonymous_1)","decl":{"start":{"line":16,"column":18},"end":{"line":16,"column":19}},"loc":{"start":{"line":17,"column":2},"end":{"line":25,"column":8}},"line":17}},"branchMap":{},"s":{"0":5,"1":1,"2":1,"3":1,"4":1,"5":1,"6":1,"7":5,"8":36},"f":{"0":1,"1":36},"b":{},"_coverageSchema":"1a1c01bbd47fc00a2c39e90264f33305004495a9","hash":"c4d8138f07ea9effa36ea030d440b308ec1c5e78"},"/home/runner/work/draftjs-conductor/draftjs-conductor/src/demo/components/Link.js":{"path":"/home/runner/work/draftjs-conductor/draftjs-conductor/src/demo/components/Link.js","statementMap":{"0":{"start":{"line":13,"column":28},"end":{"line":25,"column":1}},"1":{"start":{"line":18,"column":2},"end":{"line":24,"column":15}},"2":{"start":{"line":19,"column":22},"end":{"line":19,"column":43}},"3":{"start":{"line":20,"column":4},"end":{"line":23,"column":6}},"4":{"start":{"line":27,"column":13},"end":{"line":34,"column":1}},"5":{"start":{"line":28,"column":17},"end":{"line":28,"column":50}},"6":{"start":{"line":29,"column":2},"end":{"line":33,"column":4}}},"fnMap":{"0":{"name":"(anonymous_0)","decl":{"start":{"line":13,"column":28},"end":{"line":13,"column":29}},"loc":{"start":{"line":17,"column":5},"end":{"line":25,"column":1}},"line":17},"1":{"name":"(anonymous_1)","decl":{"start":{"line":18,"column":32},"end":{"line":18,"column":33}},"loc":{"start":{"line":18,"column":47},"end":{"line":24,"column":3}},"line":18},"2":{"name":"(anonymous_2)","decl":{"start":{"line":27,"column":13},"end":{"line":27,"column":14}},"loc":{"start":{"line":27,"column":63},"end":{"line":34,"column":1}},"line":27}},"branchMap":{"0":{"loc":{"start":{"line":21,"column":6},"end":{"line":22,"column":60}},"type":"binary-expr","locations":[{"start":{"line":21,"column":6},"end":{"line":21,"column":24}},{"start":{"line":22,"column":6},"end":{"line":22,"column":60}}],"line":21}},"s":{"0":5,"1":33,"2":33,"3":33,"4":5,"5":1,"6":1},"f":{"0":33,"1":33,"2":1},"b":{"0":[33,9]},"_coverageSchema":"1a1c01bbd47fc00a2c39e90264f33305004495a9","hash":"c4ad09bba2c167deb703eb0cec378d733ad414e7"},"/home/runner/work/draftjs-conductor/draftjs-conductor/src/demo/components/Image.js":{"path":"/home/runner/work/draftjs-conductor/draftjs-conductor/src/demo/components/Image.js","statementMap":{"0":{"start":{"line":5,"column":14},"end":{"line":23,"column":1}},"1":{"start":{"line":12,"column":20},"end":{"line":12,"column":40}},"2":{"start":{"line":13,"column":14},"end":{"line":15,"column":12}},"3":{"start":{"line":17,"column":2},"end":{"line":22,"column":4}}},"fnMap":{"0":{"name":"(anonymous_0)","decl":{"start":{"line":5,"column":14},"end":{"line":5,"column":15}},"loc":{"start":{"line":11,"column":6},"end":{"line":23,"column":1}},"line":11}},"branchMap":{"0":{"loc":{"start":{"line":13,"column":14},"end":{"line":15,"column":12}},"type":"cond-expr","locations":[{"start":{"line":14,"column":6},"end":{"line":14,"column":53}},{"start":{"line":15,"column":6},"end":{"line":15,"column":12}}],"line":13}},"s":{"0":5,"1":4,"2":4,"3":4},"f":{"0":4},"b":{"0":[3,1]},"_coverageSchema":"1a1c01bbd47fc00a2c39e90264f33305004495a9","hash":"7a788fc187a9f319cdb36155c7993d8c34fa31e4"},"/home/runner/work/draftjs-conductor/draftjs-conductor/src/demo/components/Snippet.js":{"path":"/home/runner/work/draftjs-conductor/draftjs-conductor/src/demo/components/Snippet.js","statementMap":{"0":{"start":{"line":7,"column":16},"end":{"line":26,"column":1}},"1":{"start":{"line":14,"column":20},"end":{"line":14,"column":40}},"2":{"start":{"line":15,"column":15},"end":{"line":17,"column":19}},"3":{"start":{"line":18,"column":2},"end":{"line":25,"column":4}}},"fnMap":{"0":{"name":"(anonymous_0)","decl":{"start":{"line":7,"column":16},"end":{"line":7,"column":17}},"loc":{"start":{"line":13,"column":6},"end":{"line":26,"column":1}},"line":13}},"branchMap":{"0":{"loc":{"start":{"line":15,"column":15},"end":{"line":17,"column":19}},"type":"cond-expr","locations":[{"start":{"line":16,"column":6},"end":{"line":16,"column":54}},{"start":{"line":17,"column":6},"end":{"line":17,"column":19}}],"line":15}},"s":{"0":5,"1":5,"2":5,"3":5},"f":{"0":5},"b":{"0":[4,1]},"_coverageSchema":"1a1c01bbd47fc00a2c39e90264f33305004495a9","hash":"a7e1c4dd3cc1b43bb2118c3fb2aa11ad87e21ad0"},"/home/runner/work/draftjs-conductor/draftjs-conductor/src/demo/utils/DraftUtils.js":{"path":"/home/runner/work/draftjs-conductor/draftjs-conductor/src/demo/utils/DraftUtils.js","statementMap":{"0":{"start":{"line":4,"column":21},"end":{"line":23,"column":1}},"1":{"start":{"line":5,"column":18},"end":{"line":5,"column":49}},"2":{"start":{"line":6,"column":20},"end":{"line":6,"column":46}},"3":{"start":{"line":8,"column":2},"end":{"line":10,"column":3}},"4":{"start":{"line":9,"column":4},"end":{"line":9,"column":52}},"5":{"start":{"line":12,"column":19},"end":{"line":12,"column":70}},"6":{"start":{"line":13,"column":19},"end":{"line":13,"column":49}},"7":{"start":{"line":14,"column":16},"end":{"line":14,"column":65}},"8":{"start":{"line":15,"column":2},"end":{"line":21,"column":4}},"9":{"start":{"line":22,"column":2},"end":{"line":22,"column":70}},"10":{"start":{"line":25,"column":19},"end":{"line":27,"column":1}}},"fnMap":{"0":{"name":"(anonymous_0)","decl":{"start":{"line":4,"column":21},"end":{"line":4,"column":22}},"loc":{"start":{"line":4,"column":51},"end":{"line":23,"column":1}},"line":4}},"branchMap":{"0":{"loc":{"start":{"line":8,"column":2},"end":{"line":10,"column":3}},"type":"if","locations":[{"start":{"line":8,"column":2},"end":{"line":10,"column":3}},{"start":{},"end":{}}],"line":8}},"s":{"0":5,"1":3,"2":3,"3":3,"4":2,"5":1,"6":1,"7":1,"8":1,"9":1,"10":5},"f":{"0":3},"b":{"0":[2,1]},"_coverageSchema":"1a1c01bbd47fc00a2c39e90264f33305004495a9","hash":"6f64a127381804115720b9b7939de61203ab913b"},"/home/runner/work/draftjs-conductor/draftjs-conductor/src/demo/components/DemoEditor.js":{"path":"/home/runner/work/draftjs-conductor/draftjs-conductor/src/demo/components/DemoEditor.js","statementMap":{"0":{"start":{"line":35,"column":15},"end":{"line":43,"column":1}},"1":{"start":{"line":45,"column":24},"end":{"line":57,"column":1}},"2":{"start":{"line":59,"column":15},"end":{"line":62,"column":1}},"3":{"start":{"line":64,"column":24},"end":{"line":70,"column":1}},"4":{"start":{"line":72,"column":17},"end":{"line":101,"column":1}},"5":{"start":{"line":103,"column":25},"end":{"line":103,"column":27}},"6":{"start":{"line":106,"column":2},"end":{"line":106,"column":57}},"7":{"start":{"line":123,"column":24},"end":{"line":125,"column":3}},"8":{"start":{"line":128,"column":4},"end":{"line":128,"column":17}},"9":{"start":{"line":129,"column":32},"end":{"line":129,"column":37}},"10":{"start":{"line":131,"column":22},"end":{"line":136,"column":6}},"11":{"start":{"line":138,"column":4},"end":{"line":142,"column":6}},"12":{"start":{"line":144,"column":4},"end":{"line":144,"column":45}},"13":{"start":{"line":145,"column":4},"end":{"line":145,"column":53}},"14":{"start":{"line":146,"column":4},"end":{"line":146,"column":39}},"15":{"start":{"line":147,"column":4},"end":{"line":147,"column":57}},"16":{"start":{"line":148,"column":4},"end":{"line":148,"column":51}},"17":{"start":{"line":149,"column":4},"end":{"line":149,"column":51}},"18":{"start":{"line":150,"column":4},"end":{"line":150,"column":53}},"19":{"start":{"line":151,"column":4},"end":{"line":151,"column":55}},"20":{"start":{"line":152,"column":4},"end":{"line":152,"column":61}},"21":{"start":{"line":157,"column":4},"end":{"line":157,"column":46}},"22":{"start":{"line":162,"column":28},"end":{"line":162,"column":38}},"23":{"start":{"line":163,"column":4},"end":{"line":163,"column":66}},"24":{"start":{"line":165,"column":4},"end":{"line":165,"column":23}},"25":{"start":{"line":170,"column":28},"end":{"line":170,"column":38}},"26":{"start":{"line":171,"column":4},"end":{"line":171,"column":64}},"27":{"start":{"line":173,"column":4},"end":{"line":173,"column":23}},"28":{"start":{"line":178,"column":28},"end":{"line":178,"column":38}},"29":{"start":{"line":179,"column":18},"end":{"line":179,"column":49}},"30":{"start":{"line":181,"column":4},"end":{"line":212,"column":5}},"31":{"start":{"line":182,"column":6},"end":{"line":184,"column":9}},"32":{"start":{"line":185,"column":24},"end":{"line":185,"column":57}},"33":{"start":{"line":186,"column":6},"end":{"line":188,"column":8}},"34":{"start":{"line":189,"column":11},"end":{"line":212,"column":5}},"35":{"start":{"line":191,"column":6},"end":{"line":193,"column":9}},"36":{"start":{"line":194,"column":24},"end":{"line":194,"column":57}},"37":{"start":{"line":195,"column":6},"end":{"line":197,"column":8}},"38":{"start":{"line":198,"column":11},"end":{"line":212,"column":5}},"39":{"start":{"line":200,"column":6},"end":{"line":200,"column":60}},"40":{"start":{"line":201,"column":24},"end":{"line":201,"column":57}},"41":{"start":{"line":202,"column":6},"end":{"line":204,"column":8}},"42":{"start":{"line":206,"column":6},"end":{"line":208,"column":9}},"43":{"start":{"line":209,"column":24},"end":{"line":209,"column":57}},"44":{"start":{"line":210,"column":24},"end":{"line":210,"column":50}},"45":{"start":{"line":211,"column":6},"end":{"line":211,"column":77}},"46":{"start":{"line":217,"column":28},"end":{"line":217,"column":38}},"47":{"start":{"line":218,"column":20},"end":{"line":218,"column":51}},"48":{"start":{"line":220,"column":4},"end":{"line":222,"column":5}},"49":{"start":{"line":221,"column":6},"end":{"line":221,"column":18}},"50":{"start":{"line":224,"column":22},"end":{"line":224,"column":42}},"51":{"start":{"line":226,"column":4},"end":{"line":230,"column":5}},"52":{"start":{"line":227,"column":6},"end":{"line":229,"column":8}},"53":{"start":{"line":232,"column":19},"end":{"line":232,"column":47}},"54":{"start":{"line":234,"column":4},"end":{"line":239,"column":5}},"55":{"start":{"line":235,"column":6},"end":{"line":238,"column":8}},"56":{"start":{"line":236,"column":25},"end":{"line":236,"column":31}},"57":{"start":{"line":241,"column":4},"end":{"line":246,"column":5}},"58":{"start":{"line":242,"column":6},"end":{"line":245,"column":8}},"59":{"start":{"line":248,"column":4},"end":{"line":251,"column":6}},"60":{"start":{"line":256,"column":19},"end":{"line":256,"column":65}},"61":{"start":{"line":258,"column":4},"end":{"line":261,"column":5}},"62":{"start":{"line":259,"column":6},"end":{"line":259,"column":30}},"63":{"start":{"line":260,"column":6},"end":{"line":260,"column":18}},"64":{"start":{"line":263,"column":4},"end":{"line":263,"column":17}},"65":{"start":{"line":268,"column":16},"end":{"line":268,"column":17}},"66":{"start":{"line":269,"column":4},"end":{"line":279,"column":5}},"67":{"start":{"line":271,"column":32},"end":{"line":271,"column":42}},"68":{"start":{"line":272,"column":25},"end":{"line":272,"column":78}},"69":{"start":{"line":273,"column":8},"end":{"line":273,"column":32}},"70":{"start":{"line":274,"column":8},"end":{"line":274,"column":20}},"71":{"start":{"line":277,"column":8},"end":{"line":277,"column":43}},"72":{"start":{"line":284,"column":28},"end":{"line":284,"column":38}},"73":{"start":{"line":285,"column":4},"end":{"line":285,"column":56}},"74":{"start":{"line":287,"column":4},"end":{"line":287,"column":23}},"75":{"start":{"line":292,"column":4},"end":{"line":292,"column":70}},"76":{"start":{"line":292,"column":44},"end":{"line":292,"column":67}},"77":{"start":{"line":294,"column":4},"end":{"line":294,"column":23}},"78":{"start":{"line":298,"column":25},"end":{"line":298,"column":35}},"79":{"start":{"line":299,"column":38},"end":{"line":299,"column":48}},"80":{"start":{"line":300,"column":19},"end":{"line":300,"column":54}},"81":{"start":{"line":301,"column":19},"end":{"line":301,"column":54}},"82":{"start":{"line":303,"column":4},"end":{"line":363,"column":6}},"83":{"start":{"line":308,"column":14},"end":{"line":313,"column":23}},"84":{"start":{"line":316,"column":14},"end":{"line":321,"column":23}},"85":{"start":{"line":324,"column":14},"end":{"line":329,"column":23}}},"fnMap":{"0":{"name":"(anonymous_0)","decl":{"start":{"line":127,"column":2},"end":{"line":127,"column":3}},"loc":{"start":{"line":127,"column":28},"end":{"line":153,"column":3}},"line":127},"1":{"name":"(anonymous_1)","decl":{"start":{"line":156,"column":2},"end":{"line":156,"column":3}},"loc":{"start":{"line":156,"column":35},"end":{"line":158,"column":3}},"line":156},"2":{"name":"(anonymous_2)","decl":{"start":{"line":161,"column":2},"end":{"line":161,"column":3}},"loc":{"start":{"line":161,"column":38},"end":{"line":166,"column":3}},"line":161},"3":{"name":"(anonymous_3)","decl":{"start":{"line":169,"column":2},"end":{"line":169,"column":3}},"loc":{"start":{"line":169,"column":46},"end":{"line":174,"column":3}},"line":169},"4":{"name":"(anonymous_4)","decl":{"start":{"line":177,"column":2},"end":{"line":177,"column":3}},"loc":{"start":{"line":177,"column":70},"end":{"line":213,"column":3}},"line":177},"5":{"name":"(anonymous_5)","decl":{"start":{"line":216,"column":2},"end":{"line":216,"column":3}},"loc":{"start":{"line":216,"column":37},"end":{"line":252,"column":3}},"line":216},"6":{"name":"(anonymous_6)","decl":{"start":{"line":236,"column":19},"end":{"line":236,"column":20}},"loc":{"start":{"line":236,"column":25},"end":{"line":236,"column":31}},"line":236},"7":{"name":"(anonymous_7)","decl":{"start":{"line":255,"column":2},"end":{"line":255,"column":3}},"loc":{"start":{"line":255,"column":74},"end":{"line":264,"column":3}},"line":255},"8":{"name":"(anonymous_8)","decl":{"start":{"line":267,"column":2},"end":{"line":267,"column":3}},"loc":{"start":{"line":267,"column":57},"end":{"line":280,"column":3}},"line":267},"9":{"name":"(anonymous_9)","decl":{"start":{"line":283,"column":2},"end":{"line":283,"column":3}},"loc":{"start":{"line":283,"column":18},"end":{"line":288,"column":3}},"line":283},"10":{"name":"(anonymous_10)","decl":{"start":{"line":291,"column":2},"end":{"line":291,"column":3}},"loc":{"start":{"line":291,"column":27},"end":{"line":295,"column":3}},"line":291},"11":{"name":"(anonymous_11)","decl":{"start":{"line":292,"column":18},"end":{"line":292,"column":19}},"loc":{"start":{"line":292,"column":44},"end":{"line":292,"column":67}},"line":292},"12":{"name":"(anonymous_12)","decl":{"start":{"line":297,"column":2},"end":{"line":297,"column":3}},"loc":{"start":{"line":297,"column":11},"end":{"line":364,"column":3}},"line":297},"13":{"name":"(anonymous_13)","decl":{"start":{"line":307,"column":37},"end":{"line":307,"column":38}},"loc":{"start":{"line":308,"column":14},"end":{"line":313,"column":23}},"line":308},"14":{"name":"(anonymous_14)","decl":{"start":{"line":315,"column":37},"end":{"line":315,"column":38}},"loc":{"start":{"line":316,"column":14},"end":{"line":321,"column":23}},"line":316},"15":{"name":"(anonymous_15)","decl":{"start":{"line":323,"column":26},"end":{"line":323,"column":27}},"loc":{"start":{"line":324,"column":14},"end":{"line":329,"column":23}},"line":324}},"branchMap":{"0":{"loc":{"start":{"line":181,"column":4},"end":{"line":212,"column":5}},"type":"if","locations":[{"start":{"line":181,"column":4},"end":{"line":212,"column":5}},{"start":{"line":189,"column":11},"end":{"line":212,"column":5}}],"line":181},"1":{"loc":{"start":{"line":189,"column":11},"end":{"line":212,"column":5}},"type":"if","locations":[{"start":{"line":189,"column":11},"end":{"line":212,"column":5}},{"start":{"line":198,"column":11},"end":{"line":212,"column":5}}],"line":189},"2":{"loc":{"start":{"line":198,"column":11},"end":{"line":212,"column":5}},"type":"if","locations":[{"start":{"line":198,"column":11},"end":{"line":212,"column":5}},{"start":{"line":205,"column":11},"end":{"line":212,"column":5}}],"line":198},"3":{"loc":{"start":{"line":220,"column":4},"end":{"line":222,"column":5}},"type":"if","locations":[{"start":{"line":220,"column":4},"end":{"line":222,"column":5}},{"start":{},"end":{}}],"line":220},"4":{"loc":{"start":{"line":226,"column":4},"end":{"line":230,"column":5}},"type":"if","locations":[{"start":{"line":226,"column":4},"end":{"line":230,"column":5}},{"start":{},"end":{}}],"line":226},"5":{"loc":{"start":{"line":234,"column":4},"end":{"line":239,"column":5}},"type":"if","locations":[{"start":{"line":234,"column":4},"end":{"line":239,"column":5}},{"start":{},"end":{}}],"line":234},"6":{"loc":{"start":{"line":241,"column":4},"end":{"line":246,"column":5}},"type":"if","locations":[{"start":{"line":241,"column":4},"end":{"line":246,"column":5}},{"start":{},"end":{}}],"line":241},"7":{"loc":{"start":{"line":258,"column":4},"end":{"line":261,"column":5}},"type":"if","locations":[{"start":{"line":258,"column":4},"end":{"line":261,"column":5}},{"start":{},"end":{}}],"line":258},"8":{"loc":{"start":{"line":269,"column":4},"end":{"line":279,"column":5}},"type":"switch","locations":[{"start":{"line":270,"column":6},"end":{"line":275,"column":7}},{"start":{"line":276,"column":6},"end":{"line":278,"column":7}}],"line":269},"9":{"loc":{"start":{"line":300,"column":19},"end":{"line":300,"column":54}},"type":"cond-expr","locations":[{"start":{"line":300,"column":30},"end":{"line":300,"column":45}},{"start":{"line":300,"column":48},"end":{"line":300,"column":54}}],"line":300},"10":{"loc":{"start":{"line":301,"column":19},"end":{"line":301,"column":54}},"type":"cond-expr","locations":[{"start":{"line":301,"column":30},"end":{"line":301,"column":45}},{"start":{"line":301,"column":48},"end":{"line":301,"column":54}}],"line":301},"11":{"loc":{"start":{"line":333,"column":15},"end":{"line":333,"column":37}},"type":"cond-expr","locations":[{"start":{"line":333,"column":26},"end":{"line":333,"column":30}},{"start":{"line":333,"column":33},"end":{"line":333,"column":37}}],"line":333}},"s":{"0":4,"1":4,"2":4,"3":4,"4":4,"5":4,"6":4,"7":4,"8":24,"9":24,"10":24,"11":24,"12":24,"13":24,"14":24,"15":24,"16":24,"17":24,"18":24,"19":24,"20":24,"21":9,"22":1,"23":1,"24":1,"25":1,"26":1,"27":1,"28":4,"29":4,"30":4,"31":1,"32":1,"33":1,"34":3,"35":1,"36":1,"37":1,"38":2,"39":1,"40":1,"41":1,"42":1,"43":1,"44":1,"45":1,"46":64,"47":64,"48":64,"49":51,"50":13,"51":13,"52":2,"53":11,"54":11,"55":4,"56":4,"57":7,"58":4,"59":3,"60":2,"61":2,"62":1,"63":1,"64":1,"65":2,"66":2,"67":1,"68":1,"69":1,"70":1,"71":1,"72":1,"73":1,"74":1,"75":1,"76":1,"77":1,"78":34,"79":34,"80":34,"81":34,"82":34,"83":86,"84":262,"85":136},"f":{"0":24,"1":9,"2":1,"3":1,"4":4,"5":64,"6":4,"7":2,"8":2,"9":1,"10":1,"11":1,"12":34,"13":86,"14":262,"15":136},"b":{"0":[1,3],"1":[1,2],"2":[1,1],"3":[51,13],"4":[2,11],"5":[4,7],"6":[4,3],"7":[1,1],"8":[1,1],"9":[6,28],"10":[6,28],"11":[1,33]},"_coverageSchema":"1a1c01bbd47fc00a2c39e90264f33305004495a9","hash":"d57a2fbe24bf12e5918f6c5204189cb74bd80263"},"/home/runner/work/draftjs-conductor/draftjs-conductor/src/demo/components/App.js":{"path":"/home/runner/work/draftjs-conductor/draftjs-conductor/src/demo/components/App.js","statementMap":{"0":{"start":{"line":7,"column":25},"end":{"line":75,"column":1}},"1":{"start":{"line":77,"column":27},"end":{"line":177,"column":1}},"2":{"start":{"line":181,"column":4},"end":{"line":201,"column":6}}},"fnMap":{"0":{"name":"(anonymous_0)","decl":{"start":{"line":180,"column":2},"end":{"line":180,"column":3}},"loc":{"start":{"line":180,"column":11},"end":{"line":202,"column":3}},"line":180}},"branchMap":{},"s":{"0":3,"1":3,"2":2},"f":{"0":2},"b":{},"_coverageSchema":"1a1c01bbd47fc00a2c39e90264f33305004495a9","hash":"8c10a126708d940d2812d5cea65b25de6d4dab8d"},"/home/runner/work/draftjs-conductor/draftjs-conductor/src/index.js":{"path":"/home/runner/work/draftjs-conductor/draftjs-conductor/src/index.js","statementMap":{"0":{"start":{"line":19,"column":14},"end":{"line":19,"column":45}},"1":{"start":{"line":21,"column":0},"end":{"line":23,"column":1}},"2":{"start":{"line":22,"column":2},"end":{"line":22,"column":34}}},"fnMap":{},"branchMap":{"0":{"loc":{"start":{"line":21,"column":0},"end":{"line":23,"column":1}},"type":"if","locations":[{"start":{"line":21,"column":0},"end":{"line":23,"column":1}},{"start":{},"end":{}}],"line":21}},"s":{"0":2,"1":2,"2":1},"f":{},"b":{"0":[1,1]},"_coverageSchema":"1a1c01bbd47fc00a2c39e90264f33305004495a9","hash":"7f32eae80b12693f43924bd17b41079788a5c428"}}}